This file contains any messages produced by compilers while
running configure, to aid debugging if configure makes a mistake.

It was created by configure, which was
generated by GNU Autoconf 2.57.  Invocation command line was

  $ /home/aki/workshed/src/gcc-3.4.6/fastjar/configure --cache-file=./config.cache --build=x86_64-unknown-linux-gnu --host=x86_64-unknown-linux-gnu --target=h8300-elf --disable-nls --disable-threads --disable-shared --enable-language=c --disable-werror --with-gcc-version-trigger=/home/aki/workshed/src/gcc-3.4.6/gcc/version.c --program-transform-name=s,^,h8300-elf-,;  --srcdir=../../fastjar

## --------- ##
## Platform. ##
## --------- ##

hostname = aki-UX32VD
uname -m = x86_64
uname -r = 4.4.0-21-generic
uname -s = Linux
uname -v = #37-Ubuntu SMP Mon Apr 18 18:33:37 UTC 2016

/usr/bin/uname -p = unknown
/bin/uname -X     = unknown

/bin/arch              = unknown
/usr/bin/arch -k       = unknown
/usr/convex/getsysinfo = unknown
hostinfo               = unknown
/bin/machine           = unknown
/usr/bin/oslevel       = unknown
/bin/universe          = unknown

PATH: /usr/local/sbin
PATH: /usr/local/bin
PATH: /usr/sbin
PATH: /usr/bin
PATH: /sbin
PATH: /bin
PATH: /usr/games
PATH: /usr/local/games
PATH: /snap/bin


## ----------- ##
## Core tests. ##
## ----------- ##

configure:1188: loading cache ./config.cache
configure:1314: checking for a BSD-compatible install
configure:1368: result: /usr/bin/install -c
configure:1379: checking whether build environment is sane
configure:1422: result: yes
configure:1455: checking for gawk
configure:1481: result: mawk
configure:1491: checking whether make sets $(MAKE)
configure:1511: result: yes
configure:1686: checking for x86_64-unknown-linux-gnu-gcc
configure:1712: result: gcc
configure:1994: checking for C compiler version
configure:1997: gcc --version </dev/null >&5
gcc (Ubuntu 5.4.0-6ubuntu1~16.04.9) 5.4.0 20160609
Copyright (C) 2015 Free Software Foundation, Inc.
This is free software; see the source for copying conditions.  There is NO
warranty; not even for MERCHANTABILITY or FITNESS FOR A PARTICULAR PURPOSE.

configure:2000: $? = 0
configure:2002: gcc -v </dev/null >&5
Using built-in specs.
COLLECT_GCC=gcc
COLLECT_LTO_WRAPPER=/usr/lib/gcc/x86_64-linux-gnu/5/lto-wrapper
Target: x86_64-linux-gnu
Configured with: ../src/configure -v --with-pkgversion='Ubuntu 5.4.0-6ubuntu1~16.04.9' --with-bugurl=file:///usr/share/doc/gcc-5/README.Bugs --enable-languages=c,ada,c++,java,go,d,fortran,objc,obj-c++ --prefix=/usr --program-suffix=-5 --enable-shared --enable-linker-build-id --libexecdir=/usr/lib --without-included-gettext --enable-threads=posix --libdir=/usr/lib --enable-nls --with-sysroot=/ --enable-clocale=gnu --enable-libstdcxx-debug --enable-libstdcxx-time=yes --with-default-libstdcxx-abi=new --enable-gnu-unique-object --disable-vtable-verify --enable-libmpx --enable-plugin --with-system-zlib --disable-browser-plugin --enable-java-awt=gtk --enable-gtk-cairo --with-java-home=/usr/lib/jvm/java-1.5.0-gcj-5-amd64/jre --enable-java-home --with-jvm-root-dir=/usr/lib/jvm/java-1.5.0-gcj-5-amd64 --with-jvm-jar-dir=/usr/lib/jvm-exports/java-1.5.0-gcj-5-amd64 --with-arch-directory=amd64 --with-ecj-jar=/usr/share/java/eclipse-ecj.jar --enable-objc-gc --enable-multiarch --disable-werror --with-arch-32=i686 --with-abi=m64 --with-multilib-list=m32,m64,mx32 --enable-multilib --with-tune=generic --enable-checking=release --build=x86_64-linux-gnu --host=x86_64-linux-gnu --target=x86_64-linux-gnu
Thread model: posix
gcc version 5.4.0 20160609 (Ubuntu 5.4.0-6ubuntu1~16.04.9) 
configure:2005: $? = 0
configure:2007: gcc -V </dev/null >&5
gcc: error: unrecognized command line option '-V'
gcc: fatal error: no input files
compilation terminated.
configure:2010: $? = 1
configure:2034: checking for C compiler default output
configure:2037: gcc -g -O2   conftest.c  >&5
configure:2040: $? = 0
configure:2086: result: a.out
configure:2091: checking whether the C compiler works
configure:2097: ./a.out
configure:2100: $? = 0
configure:2117: result: yes
configure:2124: checking whether we are cross compiling
configure:2126: result: no
configure:2129: checking for suffix of executables
configure:2131: gcc -o conftest -g -O2   conftest.c  >&5
configure:2134: $? = 0
configure:2159: result: 
configure:2165: checking for suffix of object files
configure:2212: result: o
configure:2216: checking whether we are using the GNU C compiler
configure:2263: result: yes
configure:2269: checking whether gcc accepts -g
configure:2311: result: yes
configure:2328: checking for gcc option to accept ANSI C
configure:2416: result: none needed
configure:2434: gcc -c -g -O2  conftest.c >&5
conftest.c:2:3: error: unknown type name 'choke'
   choke me
   ^
conftest.c:2:3: error: expected '=', ',', ';', 'asm' or '__attribute__' at end of input
configure:2437: $? = 1
configure: failed program was:
| #ifndef __cplusplus
|   choke me
| #endif
configure:2557: checking for style of include used by make
configure:2585: result: GNU
configure:2613: checking dependency style of gcc
configure:2696: result: none
configure:2725: checking for a BSD-compatible install
configure:2779: result: /usr/bin/install -c
configure:2792: checking for rm
configure:2824: result: /bin/rm
configure:2833: checking for cp
configure:2865: result: /bin/cp
configure:2874: checking for strip
configure:2906: result: /usr/bin/strip
configure:2915: checking for chmod
configure:2947: result: /bin/chmod
configure:2956: checking whether to enable maintainer-specific portions of Makefiles
configure:2965: result: no
configure:2995: checking for dirent.h that defines DIR
configure:3040: result: yes
configure:3053: checking for library containing opendir
configure:3152: result: none required
configure:3273: checking how to run the C preprocessor
configure:3391: result: gcc -E
configure:3416: gcc -E  conftest.c
configure:3422: $? = 0
configure:3454: gcc -E  conftest.c
configure:3457:28: fatal error: ac_nonexistent.h: No such file or directory
compilation terminated.
configure:3460: $? = 1
configure: failed program was:
| #line 3446 "configure"
| /* confdefs.h.  */
| 
| #define PACKAGE_NAME ""
| #define PACKAGE_TARNAME ""
| #define PACKAGE_VERSION ""
| #define PACKAGE_STRING ""
| #define PACKAGE_BUGREPORT ""
| #define PACKAGE "fastjar"
| #define VERSION "0.92-gcc"
| #define HAVE_DIRENT_H 1
| /* end confdefs.h.  */
| #include <ac_nonexistent.h>
configure:3503: checking for egrep
configure:3513: result: grep -E
configure:3518: checking for ANSI C header files
configure:3668: result: yes
configure:3678: checking whether struct tm is in sys/time.h or time.h
configure:3722: result: time.h
configure:3746: checking for sys/types.h
configure:3783: result: yes
configure:3746: checking for sys/stat.h
configure:3783: result: yes
configure:3746: checking for stdlib.h
configure:3783: result: yes
configure:3746: checking for string.h
configure:3783: result: yes
configure:3746: checking for memory.h
configure:3783: result: yes
configure:3746: checking for strings.h
configure:3783: result: yes
configure:3746: checking for inttypes.h
configure:3783: result: yes
configure:3746: checking for stdint.h
configure:3783: result: yes
configure:3746: checking for unistd.h
configure:3783: result: yes
configure:3804: checking for fcntl.h
configure:3809: result: yes
configure:3804: checking for unistd.h
configure:3809: result: yes
configure:3804: checking for sys/param.h
configure:3809: result: yes
configure:3804: checking for stdlib.h
configure:3809: result: yes
configure:3804: checking for limits.h
configure:3809: result: yes
configure:3942: checking for off_t
configure:3987: result: yes
configure:3999: checking whether struct tm is in sys/time.h or time.h
configure:4043: result: time.h
configure:4055: checking if mkdir takes one argument
configure:4107: result: no
configure:4118: checking size of char
configure:4172: result: 1
configure:4180: checking size of short
configure:4234: result: 2
configure:4242: checking size of int
configure:4296: result: 4
configure:4304: checking size of long
configure:4358: result: 8
configure:4366: checking for long long
configure:4411: result: yes
configure:4419: checking size of long long
configure:4473: result: 8
configure:4484: checking whether byte ordering is bigendian
configure:4616: result: no
configure:4771: checking whether to place generated files in the source directory
configure:4781: result: no
configure:4928: creating ./config.status

## ---------------------- ##
## Running config.status. ##
## ---------------------- ##

This file was extended by config.status, which was
generated by GNU Autoconf 2.57.  Invocation command line was

  CONFIG_FILES    = 
  CONFIG_HEADERS  = 
  CONFIG_LINKS    = 
  CONFIG_COMMANDS = 
  $ ./config.status 

on aki-UX32VD

config.status:5642: creating Makefile
config.status:5642: creating install-defs.sh
config.status:5745: creating config.h
config.status:5886: config.h is unchanged
config.status:6010: executing depfiles commands

## ---------------- ##
## Cache variables. ##
## ---------------- ##

ac_cv_c_bigendian='no'
ac_cv_c_compiler_gnu='yes'
ac_cv_env_CC_set='set'
ac_cv_env_CC_value='gcc'
ac_cv_env_CFLAGS_set='set'
ac_cv_env_CFLAGS_value='-g -O2'
ac_cv_env_CPPFLAGS_set=''
ac_cv_env_CPPFLAGS_value=''
ac_cv_env_CPP_set=''
ac_cv_env_CPP_value=''
ac_cv_env_LDFLAGS_set=''
ac_cv_env_LDFLAGS_value=''
ac_cv_env_build_alias_set='set'
ac_cv_env_build_alias_value='x86_64-unknown-linux-gnu'
ac_cv_env_host_alias_set='set'
ac_cv_env_host_alias_value='x86_64-unknown-linux-gnu'
ac_cv_env_target_alias_set='set'
ac_cv_env_target_alias_value='h8300-elf'
ac_cv_exeext=''
ac_cv_header_dirent_dirent_h='yes'
ac_cv_header_fcntl_h='yes'
ac_cv_header_inttypes_h='yes'
ac_cv_header_limits_h='yes'
ac_cv_header_memory_h='yes'
ac_cv_header_stdc='yes'
ac_cv_header_stdint_h='yes'
ac_cv_header_stdlib_h='yes'
ac_cv_header_string_h='yes'
ac_cv_header_strings_h='yes'
ac_cv_header_sys_param_h='yes'
ac_cv_header_sys_stat_h='yes'
ac_cv_header_sys_types_h='yes'
ac_cv_header_unistd_h='yes'
ac_cv_objext='o'
ac_cv_path_CHMOD='/bin/chmod'
ac_cv_path_CP='/bin/cp'
ac_cv_path_RM='/bin/rm'
ac_cv_path_STRIP='/usr/bin/strip'
ac_cv_path_install='/usr/bin/install -c'
ac_cv_prog_AWK='mawk'
ac_cv_prog_CC='gcc'
ac_cv_prog_CPP='gcc -E'
ac_cv_prog_cc_g='yes'
ac_cv_prog_cc_stdc=''
ac_cv_prog_egrep='grep -E'
ac_cv_prog_make_make_set='yes'
ac_cv_search_opendir='none required'
ac_cv_sizeof_char='1'
ac_cv_sizeof_int='4'
ac_cv_sizeof_long='8'
ac_cv_sizeof_long_long='8'
ac_cv_sizeof_short='2'
ac_cv_struct_tm='time.h'
ac_cv_type_long_long='yes'
ac_cv_type_off_t='yes'
am_cv_CC_dependencies_compiler_type='none'
gcc_cv_mkdir_takes_one_arg='no'

## ----------------- ##
## Output variables. ##
## ----------------- ##

ACLOCAL='${SHELL} /home/aki/workshed/src/gcc-3.4.6/missing --run aclocal-1.7'
AMDEPBACKSLASH='\'
AMDEP_FALSE='#'
AMDEP_TRUE=''
AMTAR='${SHELL} /home/aki/workshed/src/gcc-3.4.6/missing --run tar'
AUTOCONF='${SHELL} /home/aki/workshed/src/gcc-3.4.6/missing --run autoconf'
AUTOHEADER='${SHELL} /home/aki/workshed/src/gcc-3.4.6/missing --run autoheader'
AUTOMAKE='${SHELL} /home/aki/workshed/src/gcc-3.4.6/missing --run automake-1.7'
AWK='mawk'
CC='gcc'
CCDEPMODE='depmode=none'
CFLAGS='-g -O2'
CHMOD='/bin/chmod'
CP='/bin/cp'
CPP='gcc -E'
CPPFLAGS=''
CYGPATH_W='echo'
DEFS='-DHAVE_CONFIG_H'
DEPDIR='.deps'
ECHO_C='ECHO_N=''
ECHO_T=''
EGREP='grep -E'
EXEEXT=''
GENINSRC_FALSE=''
GENINSRC_TRUE='#'
INSTALL_DATA='${INSTALL} -m 644'
INSTALL_PROGRAM='${INSTALL}'
INSTALL_SCRIPT='${INSTALL}'
INSTALL_STRIP_PROGRAM='${SHELL} $(install_sh) -c -s'
LDFLAGS=''
LIBOBJS=''
LIBS=''
LTLIBOBJS=''
MAINT='#'
MAINTAINER_MODE_FALSE=''
MAINTAINER_MODE_TRUE='#'
MAKEINFO='${SHELL} /home/aki/workshed/src/gcc-3.4.6/missing --run makeinfo'
OBJEXT='o'
PACKAGE='fastjar'
PACKAGE_BUGREPORT=''
PACKAGE_NAME=''
PACKAGE_STRING=''
PACKAGE_TARNAME=''
PACKAGE_VERSION=''
PATH_SEPARATOR=':'
RM='/bin/rm'
SET_MAKE=''
SHELL='/bin/sh'
STRIP='/usr/bin/strip'
VERSION='0.92-gcc'
ZDEPS='$(top_builddir)/../zlib/libz.a'
ZINCS='-I$(top_srcdir)/../zlib'
ZLIBS='$(top_builddir)/../zlib/libz.a -L$(here)/../zlib/'
ac_ct_CC=''
ac_ct_STRIP=''
am__fastdepCC_FALSE=''
am__fastdepCC_TRUE='#'
am__include='include'
am__leading_dot='.'
am__quote=''
bindir='${exec_prefix}/bin'
build_alias='x86_64-unknown-linux-gnu'
datadir='${prefix}/share'
exec_prefix='${prefix}'
fastjar_warn_cflags='-W -Wall -pedantic -Wstrict-prototypes -Wmissing-prototypes -Wwrite-strings'
gcc_version='3.4.6'
host_alias='x86_64-unknown-linux-gnu'
includedir='${prefix}/include'
infodir='${prefix}/info'
install_sh='/home/aki/workshed/src/gcc-3.4.6/install-sh'
libdir='${exec_prefix}/lib'
libexecdir='${exec_prefix}/libexec'
localstatedir='${prefix}/var'
mandir='${prefix}/man'
oldincludedir='/usr/include'
prefix='/usr/local'
program_transform_name='s,^,h8300-elf-,;'
sbindir='${exec_prefix}/sbin'
sharedstatedir='${prefix}/com'
sysconfdir='${prefix}/etc'
target_alias='h8300-elf'

## ----------- ##
## confdefs.h. ##
## ----------- ##

#define BYTEORDER 1234
#define HAVE_DIRENT_H 1
#define HAVE_FCNTL_H 1
#define HAVE_INTTYPES_H 1
#define HAVE_LIMITS_H 1
#define HAVE_LONG_LONG 1
#define HAVE_MEMORY_H 1
#define HAVE_STDINT_H 1
#define HAVE_STDLIB_H 1
#define HAVE_STDLIB_H 1
#define HAVE_STRINGS_H 1
#define HAVE_STRING_H 1
#define HAVE_SYS_PARAM_H 1
#define HAVE_SYS_STAT_H 1
#define HAVE_SYS_TYPES_H 1
#define HAVE_UNISTD_H 1
#define HAVE_UNISTD_H 1
#define PACKAGE "fastjar"
#define PACKAGE_BUGREPORT ""
#define PACKAGE_NAME ""
#define PACKAGE_STRING ""
#define PACKAGE_TARNAME ""
#define PACKAGE_VERSION ""
#define SIZEOF_CHAR 1
#define SIZEOF_INT 4
#define SIZEOF_LONG 8
#define SIZEOF_LONG_LONG 8
#define SIZEOF_SHORT 2
#define STDC_HEADERS 1
#define VERSION "0.92-gcc"

configure: exit 0
