This file contains any messages produced by compilers while
running configure, to aid debugging if configure makes a mistake.

It was created by configure, which was
generated by GNU Autoconf 2.59.  Invocation command line was

  $ /home/aki/workshed/src/gcc-3.4.6/gcc/configure --cache-file=./config.cache --build=x86_64-unknown-linux-gnu --host=x86_64-unknown-linux-gnu --target=h8300-elf --disable-nls --disable-threads --disable-shared --enable-languages=c --disable-werror --with-gcc-version-trigger=/home/aki/workshed/src/gcc-3.4.6/gcc/version.c --program-transform-name=s,^,h8300-elf-,;  --srcdir=../../gcc

## --------- ##
## Platform. ##
## --------- ##

hostname = aki-UX32VD
uname -m = x86_64
uname -r = 4.4.0-21-generic
uname -s = Linux
uname -v = #37-Ubuntu SMP Mon Apr 18 18:33:37 UTC 2016

/usr/bin/uname -p = unknown
/bin/uname -X     = unknown

/bin/arch              = unknown
/usr/bin/arch -k       = unknown
/usr/convex/getsysinfo = unknown
hostinfo               = unknown
/bin/machine           = unknown
/usr/bin/oslevel       = unknown
/bin/universe          = unknown

PATH: /usr/local/sbin
PATH: /usr/local/bin
PATH: /usr/sbin
PATH: /usr/bin
PATH: /sbin
PATH: /bin
PATH: /usr/games
PATH: /usr/local/games
PATH: /snap/bin


## ----------- ##
## Core tests. ##
## ----------- ##

configure:1277: loading cache ./config.cache
configure:1401: checking build system type
configure:1419: result: x86_64-unknown-linux-gnu
configure:1427: checking host system type
configure:1441: result: x86_64-unknown-linux-gnu
configure:1449: checking target system type
configure:1463: result: h8300-unknown-elf
configure:1527: checking LIBRARY_PATH variable
configure:1537: result: ok
configure:1558: checking GCC_EXEC_PREFIX variable
configure:1568: result: ok
configure:1652: checking whether to place generated files in the source directory
configure:1662: result: no
configure:1707: checking whether a default linker was specified
configure:1718: result: no
configure:1756: checking whether a default assembler was specified
configure:1767: result: no
configure:1793: checking for x86_64-unknown-linux-gnu-gcc
configure:1819: result: gcc
configure:2101: checking for C compiler version
configure:2104: gcc --version </dev/null >&5
gcc (Ubuntu 5.4.0-6ubuntu1~16.04.9) 5.4.0 20160609
Copyright (C) 2015 Free Software Foundation, Inc.
This is free software; see the source for copying conditions.  There is NO
warranty; not even for MERCHANTABILITY or FITNESS FOR A PARTICULAR PURPOSE.

configure:2107: $? = 0
configure:2109: gcc -v </dev/null >&5
Using built-in specs.
COLLECT_GCC=gcc
COLLECT_LTO_WRAPPER=/usr/lib/gcc/x86_64-linux-gnu/5/lto-wrapper
Target: x86_64-linux-gnu
Configured with: ../src/configure -v --with-pkgversion='Ubuntu 5.4.0-6ubuntu1~16.04.9' --with-bugurl=file:///usr/share/doc/gcc-5/README.Bugs --enable-languages=c,ada,c++,java,go,d,fortran,objc,obj-c++ --prefix=/usr --program-suffix=-5 --enable-shared --enable-linker-build-id --libexecdir=/usr/lib --without-included-gettext --enable-threads=posix --libdir=/usr/lib --enable-nls --with-sysroot=/ --enable-clocale=gnu --enable-libstdcxx-debug --enable-libstdcxx-time=yes --with-default-libstdcxx-abi=new --enable-gnu-unique-object --disable-vtable-verify --enable-libmpx --enable-plugin --with-system-zlib --disable-browser-plugin --enable-java-awt=gtk --enable-gtk-cairo --with-java-home=/usr/lib/jvm/java-1.5.0-gcj-5-amd64/jre --enable-java-home --with-jvm-root-dir=/usr/lib/jvm/java-1.5.0-gcj-5-amd64 --with-jvm-jar-dir=/usr/lib/jvm-exports/java-1.5.0-gcj-5-amd64 --with-arch-directory=amd64 --with-ecj-jar=/usr/share/java/eclipse-ecj.jar --enable-objc-gc --enable-multiarch --disable-werror --with-arch-32=i686 --with-abi=m64 --with-multilib-list=m32,m64,mx32 --enable-multilib --with-tune=generic --enable-checking=release --build=x86_64-linux-gnu --host=x86_64-linux-gnu --target=x86_64-linux-gnu
Thread model: posix
gcc version 5.4.0 20160609 (Ubuntu 5.4.0-6ubuntu1~16.04.9) 
configure:2112: $? = 0
configure:2114: gcc -V </dev/null >&5
gcc: error: unrecognized command line option '-V'
gcc: fatal error: no input files
compilation terminated.
configure:2117: $? = 1
configure:2140: checking for C compiler default output file name
configure:2143: gcc -g -O2   conftest.c  >&5
configure:2146: $? = 0
configure:2192: result: a.out
configure:2197: checking whether the C compiler works
configure:2203: ./a.out
configure:2206: $? = 0
configure:2223: result: yes
configure:2230: checking whether we are cross compiling
configure:2232: result: no
configure:2235: checking for suffix of executables
configure:2237: gcc -o conftest -g -O2   conftest.c  >&5
configure:2240: $? = 0
configure:2265: result: 
configure:2271: checking for suffix of object files
configure:2317: result: o
configure:2321: checking whether we are using the GNU C compiler
configure:2377: result: yes
configure:2383: checking whether gcc accepts -g
configure:2434: result: yes
configure:2451: checking for gcc option to accept ANSI C
configure:2558: result: none needed
configure:2576: gcc -c -g -O2  conftest.c >&5
conftest.c:2:3: error: unknown type name 'choke'
   choke me
   ^
conftest.c:2:3: error: expected '=', ',', ';', 'asm' or '__attribute__' at end of input
configure:2582: $? = 1
configure: failed program was:
| #ifndef __cplusplus
|   choke me
| #endif
configure:2716: checking whether gcc and cc understand -c and -o together
configure:2793: result: yes
configure:2819: checking whether gcc accepts -Wno-long-long
configure:2873: result: yes
configure:2881: checking how to run the C preprocessor
configure:2999: result: gcc -E
configure:3023: gcc -E  conftest.c
configure:3029: $? = 0
configure:3061: gcc -E  conftest.c
conftest.c:9:28: fatal error: ac_nonexistent.h: No such file or directory
compilation terminated.
configure:3067: $? = 1
configure: failed program was:
| /* confdefs.h.  */
| 
| #define PACKAGE_NAME ""
| #define PACKAGE_TARNAME ""
| #define PACKAGE_VERSION ""
| #define PACKAGE_STRING ""
| #define PACKAGE_BUGREPORT ""
| /* end confdefs.h.  */
| #include <ac_nonexistent.h>
configure:3110: checking for inline
configure:3162: result: inline
configure:3182: checking for long long int
configure:3233: result: yes
configure:3242: checking for __int64
configure:3293: result: no
configure:3303: checking for built-in _Bool
configure:3355: result: yes
configure:3367: checking size of void *
configure:3430: result: 8
configure:3438: checking size of short
configure:3501: result: 2
configure:3509: checking size of int
configure:3572: result: 4
configure:3580: checking size of long
configure:3643: result: 8
configure:3652: checking size of long long
configure:3715: result: 8
configure:3809: checking for x86_64-unknown-linux-gnu-gnatbind
configure:3838: result: no
configure:3847: checking for gnatbind
configure:3874: result: no
configure:3886: checking whether compiler driver understands Ada
configure:3910: result: no
configure:4050: checking for egrep
configure:4060: result: grep -E
configure:4065: checking for ANSI C header files
configure:4221: result: yes
configure:4245: checking for sys/types.h
configure:4291: result: yes
configure:4245: checking for sys/stat.h
configure:4291: result: yes
configure:4245: checking for stdlib.h
configure:4291: result: yes
configure:4245: checking for string.h
configure:4291: result: yes
configure:4245: checking for memory.h
configure:4291: result: yes
configure:4245: checking for strings.h
configure:4291: result: yes
configure:4245: checking for inttypes.h
configure:4291: result: yes
configure:4245: checking for stdint.h
configure:4291: result: yes
configure:4245: checking for unistd.h
configure:4291: result: yes
configure:4304: checking for valgrind.h
configure:4309: result: no
configure:4816: checking whether make sets $(MAKE)
configure:4836: result: yes
configure:4851: checking for gawk
configure:4877: result: mawk
configure:4895: checking whether ln works
configure:4918: result: yes
configure:4930: checking whether ln -s works
configure:4953: result: yes
configure:4968: checking for x86_64-unknown-linux-gnu-ranlib
configure:4994: result: ranlib
configure:5055: checking for a BSD compatible install
configure:5097: result: /usr/bin/install -c
configure:5108: checking for cmp's capabilities
configure:5135: result: gnucompare
configure:5144: checking for mktemp
configure:5171: result: yes
configure:5190: checking for makeinfo
configure:5219: result: no
configure:5250: WARNING:
*** Makeinfo is missing or too old.
*** Info documentation will not be built.
configure:5262: checking for recent Pod::Man
configure:5265: result: yes
configure:5280: checking for flex
configure:5307: result: /bin/sh ../../gcc/../missing flex
configure:5323: checking for bison
configure:5350: result: /bin/sh ../../gcc/../missing bison
configure:5363: checking for GNU C library
configure:5418: result: yes
configure:5433: checking for ANSI C header files
configure:5589: result: yes
configure:5599: checking whether time.h and sys/time.h may both be included
configure:5654: result: yes
configure:5664: checking for working stdbool.h
configure:5715: result: yes
configure:5725: checking whether string.h and strings.h may both be included
configure:5777: result: yes
configure:5787: checking for sys/wait.h that is POSIX.1 compatible
configure:5848: result: yes
configure:5885: checking for limits.h
configure:5925: result: yes
configure:5885: checking for stddef.h
configure:5925: result: yes
configure:5885: checking for string.h
configure:5925: result: yes
configure:5885: checking for strings.h
configure:5925: result: yes
configure:5885: checking for stdlib.h
configure:5925: result: yes
configure:5885: checking for time.h
configure:5925: result: yes
configure:5885: checking for fcntl.h
configure:5925: result: yes
configure:5885: checking for unistd.h
configure:5925: result: yes
configure:5885: checking for sys/file.h
configure:5925: result: yes
configure:5885: checking for sys/time.h
configure:5925: result: yes
configure:5885: checking for sys/mman.h
configure:5925: result: yes
configure:5885: checking for sys/resource.h
configure:5925: result: yes
configure:5885: checking for sys/param.h
configure:5925: result: yes
configure:5885: checking for sys/times.h
configure:5925: result: yes
configure:5885: checking for sys/stat.h
configure:5925: result: yes
configure:5885: checking for direct.h
configure:5925: result: no
configure:5885: checking for malloc.h
configure:5925: result: yes
configure:5885: checking for langinfo.h
configure:5925: result: yes
configure:5885: checking for ldfcn.h
configure:5925: result: no
configure:5885: checking for locale.h
configure:5925: result: yes
configure:5885: checking for wchar.h
configure:5925: result: yes
configure:5937: checking for thread.h
configure:5977: result: no
configure:5985: checking for pthread.h
configure:6025: result: yes
configure:6035: checking for CHAR_BIT
configure:6063: result: yes
configure:6140: checking whether byte ordering is bigendian
configure:6289: result: no
configure:6378: checking for collect2 libraries
configure:6445: result: none required
configure:6457: checking for library containing exc_resume
configure:6576: result: no
configure:6591: checking for library containing ldexp
configure:6710: result: none required
configure:6723: checking for inttypes.h
configure:6776: result: yes
configure:6819: checking for times
configure:6907: result: yes
configure:6819: checking for clock
configure:6907: result: yes
configure:6819: checking for dup2
configure:6907: result: yes
configure:6819: checking for kill
configure:6907: result: yes
configure:6819: checking for getrlimit
configure:6907: result: yes
configure:6819: checking for setrlimit
configure:6907: result: yes
configure:6819: checking for atoll
configure:6907: result: yes
configure:6819: checking for atoq
configure:6907: result: no
configure:6819: checking for sysconf
configure:6907: result: yes
configure:6819: checking for strsignal
configure:6907: result: yes
configure:6819: checking for putc_unlocked
configure:6907: result: yes
configure:6819: checking for fputc_unlocked
configure:6907: result: yes
configure:6819: checking for fputs_unlocked
configure:6907: result: yes
configure:6819: checking for fwrite_unlocked
configure:6907: result: yes
configure:6819: checking for fprintf_unlocked
configure:6907: result: no
configure:6819: checking for getrusage
configure:6907: result: yes
configure:6819: checking for nl_langinfo
configure:6907: result: yes
configure:6819: checking for scandir
configure:6907: result: yes
configure:6819: checking for alphasort
configure:6907: result: yes
configure:6819: checking for gettimeofday
configure:6907: result: yes
configure:6819: checking for mbstowcs
configure:6907: result: yes
configure:6819: checking for wcswidth
configure:6907: result: yes
configure:6819: checking for mmap
configure:6907: result: yes
configure:6819: checking for mincore
configure:6907: result: yes
configure:6819: checking for setlocale
configure:6907: result: yes
configure:6919: checking whether mbstowcs works
configure:6963: result: yes
configure:6974: checking for ssize_t
configure:7028: result: yes
configure:7043: checking for uid_t in sys/types.h
configure:7066: result: yes
configure:7081: checking type of array argument to getgroups
configure:7160: result: gid_t
configure:7185: checking whether the printf functions support %p
configure:7234: result: yes
configure:7250: checking whether read-only mmap of a plain file works
configure:7267: result: yes
configure:7269: checking whether mmap from /dev/zero works
configure:7291: result: yes
configure:7295: checking for MAP_ANON(YMOUS)
configure:7353: result: yes
configure:7359: checking whether mmap with MAP_ANON(YMOUS) works
configure:7376: result: yes
configure:7412: checking for pid_t
configure:7466: result: yes
configure:7483: checking for unistd.h
configure:7523: result: yes
configure:7483: checking for vfork.h
configure:7523: result: no
configure:7538: checking for fork
configure:7626: result: yes
configure:7538: checking for vfork
configure:7626: result: yes
configure:7637: checking for working fork
configure:7682: result: yes
configure:7703: checking for working vfork
configure:7836: result: yes
configure:7887: checking for iconv.h
configure:7927: result: yes
configure:7938: checking for iconv
configure:8050: result: yes
configure:8058: checking for iconv declaration
configure:8125: result: 
         extern size_t iconv (iconv_t cd, char * *inbuf, size_t *inbytesleft, char * *outbuf, size_t *outbytesleft);
configure:8146: checking for LC_MESSAGES
configure:8198: result: yes
configure:8218: checking whether getenv is declared
configure:8278: result: yes
configure:8218: checking whether atol is declared
configure:8278: result: yes
configure:8218: checking whether sbrk is declared
configure:8278: result: yes
configure:8218: checking whether abort is declared
configure:8278: result: yes
configure:8218: checking whether atof is declared
configure:8278: result: yes
configure:8218: checking whether getcwd is declared
configure:8278: result: yes
configure:8218: checking whether getwd is declared
configure:8278: result: yes
configure:8218: checking whether strsignal is declared
configure:8278: result: yes
configure:8218: checking whether putc_unlocked is declared
configure:8278: result: yes
configure:8218: checking whether fputs_unlocked is declared
configure:8278: result: yes
configure:8218: checking whether fwrite_unlocked is declared
configure:8278: result: yes
configure:8218: checking whether fprintf_unlocked is declared
configure:8284: result: no
configure:8218: checking whether strstr is declared
configure:8278: result: yes
configure:8218: checking whether errno is declared
configure:8278: result: yes
configure:8218: checking whether snprintf is declared
configure:8278: result: yes
configure:8218: checking whether vasprintf is declared
configure:8278: result: yes
configure:8218: checking whether malloc is declared
configure:8278: result: yes
configure:8218: checking whether realloc is declared
configure:8278: result: yes
configure:8218: checking whether calloc is declared
configure:8278: result: yes
configure:8218: checking whether free is declared
configure:8278: result: yes
configure:8218: checking whether basename is declared
configure:8278: result: yes
configure:8218: checking whether getopt is declared
configure:8284: result: no
configure:8218: checking whether clock is declared
configure:8278: result: yes
configure:8394: checking whether getrlimit is declared
configure:8458: result: yes
configure:8394: checking whether setrlimit is declared
configure:8458: result: yes
configure:8394: checking whether getrusage is declared
configure:8458: result: yes
configure:8510: gcc -c -g -O2 -I../../gcc -I../../gcc/../include  conftest.c >&5
configure:8516: $? = 0
configure:8520: test -z 
			 || test ! -s conftest.err
configure:8523: $? = 0
configure:8526: test -s conftest.o
configure:8529: $? = 0
configure:8547: checking whether ldgetname is declared
configure:8617: result: no
configure:8636: checking whether times is declared
configure:8700: result: yes
configure:8723: checking for struct tms
configure:8781: result: yes
configure:8793: checking for clock_t
configure:8848: result: yes
configure:8858: checking for uchar
configure:8883: gcc -c -g -O2 -I../../gcc -I../../gcc/../include  conftest.c >&5
conftest.c: In function 'main':
conftest.c:128:6: error: 'uchar' undeclared (first use in this function)
 if ((uchar *)0) return 0;
      ^
conftest.c:128:6: note: each undeclared identifier is reported only once for each function it appears in
conftest.c:128:13: error: expected expression before ')' token
 if ((uchar *)0) return 0;
             ^
configure:8889: $? = 1
configure: failed program was:
| /* confdefs.h.  */
| 
| #define PACKAGE_NAME ""
| #define PACKAGE_TARNAME ""
| #define PACKAGE_VERSION ""
| #define PACKAGE_STRING ""
| #define PACKAGE_BUGREPORT ""
| #define HAVE_LONG_LONG 1
| #define HAVE__BOOL 1
| #define SIZEOF_VOID_P 8
| #define SIZEOF_SHORT 2
| #define SIZEOF_INT 4
| #define SIZEOF_LONG 8
| #define SIZEOF_LONG_LONG 8
| #define STDC_HEADERS 1
| #define HAVE_SYS_TYPES_H 1
| #define HAVE_SYS_STAT_H 1
| #define HAVE_STDLIB_H 1
| #define HAVE_STRING_H 1
| #define HAVE_MEMORY_H 1
| #define HAVE_STRINGS_H 1
| #define HAVE_INTTYPES_H 1
| #define HAVE_STDINT_H 1
| #define HAVE_UNISTD_H 1
| #define _GNU_SOURCE 1
| #define STDC_HEADERS 1
| #define TIME_WITH_SYS_TIME 1
| #define HAVE_STDBOOL_H 1
| #define STRING_WITH_STRINGS 1
| #define HAVE_SYS_WAIT_H 1
| #define HAVE_LIMITS_H 1
| #define HAVE_STDDEF_H 1
| #define HAVE_STRING_H 1
| #define HAVE_STRINGS_H 1
| #define HAVE_STDLIB_H 1
| #define HAVE_TIME_H 1
| #define HAVE_FCNTL_H 1
| #define HAVE_UNISTD_H 1
| #define HAVE_SYS_FILE_H 1
| #define HAVE_SYS_TIME_H 1
| #define HAVE_SYS_MMAN_H 1
| #define HAVE_SYS_RESOURCE_H 1
| #define HAVE_SYS_PARAM_H 1
| #define HAVE_SYS_TIMES_H 1
| #define HAVE_SYS_STAT_H 1
| #define HAVE_MALLOC_H 1
| #define HAVE_LANGINFO_H 1
| #define HAVE_LOCALE_H 1
| #define HAVE_WCHAR_H 1
| #define BYTEORDER 1234
| #define HAVE_INTTYPES_H 1
| #define HAVE_TIMES 1
| #define HAVE_CLOCK 1
| #define HAVE_DUP2 1
| #define HAVE_KILL 1
| #define HAVE_GETRLIMIT 1
| #define HAVE_SETRLIMIT 1
| #define HAVE_ATOLL 1
| #define HAVE_SYSCONF 1
| #define HAVE_STRSIGNAL 1
| #define HAVE_PUTC_UNLOCKED 1
| #define HAVE_FPUTC_UNLOCKED 1
| #define HAVE_FPUTS_UNLOCKED 1
| #define HAVE_FWRITE_UNLOCKED 1
| #define HAVE_GETRUSAGE 1
| #define HAVE_NL_LANGINFO 1
| #define HAVE_SCANDIR 1
| #define HAVE_ALPHASORT 1
| #define HAVE_GETTIMEOFDAY 1
| #define HAVE_MBSTOWCS 1
| #define HAVE_WCSWIDTH 1
| #define HAVE_MMAP 1
| #define HAVE_MINCORE 1
| #define HAVE_SETLOCALE 1
| #define HAVE_WORKING_MBSTOWCS 1
| #define GETGROUPS_T gid_t
| #define HAVE_PRINTF_PTR 1
| #define HAVE_MMAP_FILE 1
| #define HAVE_MMAP_DEV_ZERO 1
| #define HAVE_MMAP_ANON 1
| #define HAVE_UNISTD_H 1
| #define HAVE_FORK 1
| #define HAVE_VFORK 1
| #define HAVE_WORKING_VFORK 1
| #define HAVE_WORKING_FORK 1
| #define HAVE_ICONV_H 1
| #define HAVE_ICONV 1
| #define ICONV_CONST 
| #define HAVE_LC_MESSAGES 1
| #define HAVE_DECL_GETENV 1
| #define HAVE_DECL_ATOL 1
| #define HAVE_DECL_SBRK 1
| #define HAVE_DECL_ABORT 1
| #define HAVE_DECL_ATOF 1
| #define HAVE_DECL_GETCWD 1
| #define HAVE_DECL_GETWD 1
| #define HAVE_DECL_STRSIGNAL 1
| #define HAVE_DECL_PUTC_UNLOCKED 1
| #define HAVE_DECL_FPUTS_UNLOCKED 1
| #define HAVE_DECL_FWRITE_UNLOCKED 1
| #define HAVE_DECL_FPRINTF_UNLOCKED 0
| #define HAVE_DECL_STRSTR 1
| #define HAVE_DECL_ERRNO 1
| #define HAVE_DECL_SNPRINTF 1
| #define HAVE_DECL_VASPRINTF 1
| #define HAVE_DECL_MALLOC 1
| #define HAVE_DECL_REALLOC 1
| #define HAVE_DECL_CALLOC 1
| #define HAVE_DECL_FREE 1
| #define HAVE_DECL_BASENAME 1
| #define HAVE_DECL_GETOPT 0
| #define HAVE_DECL_CLOCK 1
| #define HAVE_DECL_GETRLIMIT 1
| #define HAVE_DECL_SETRLIMIT 1
| #define HAVE_DECL_GETRUSAGE 1
| #define HAVE_DECL_LDGETNAME 0
| #define HAVE_DECL_TIMES 1
| #define HAVE_STRUCT_TMS 1
| #define HAVE_CLOCK_T 1
| /* end confdefs.h.  */
| 
| #include "ansidecl.h"
| #include "system.h"
| 
| int
| main ()
| {
| if ((uchar *)0) return 0;
|  if (sizeof(uchar)) return 0;
|   ;
|   return 0;
| }
configure:8913: result: 
configure:8932: checking for .preinit_array/.init_array/.fini_array support
configure:8975: result: yes
configure:8989: checking if mkdir takes one argument
configure:9050: result: no
configure:9463: checking whether NLS is requested
configure:9466: result: no
configure:9951: checking what assembler to use
configure:10065: result: /usr/local/h8300-elf/bin/as
configure:10077: checking what linker to use
configure:10180: result: /usr/local/h8300-elf/bin/ld
configure:10187: checking what nm to use
configure:10207: result: h8300-elf-nm
configure:10212: checking what objdump to use
configure:10234: result: h8300-elf-objdump
configure:10239: checking assembler for .balign and .p2align
configure:10267: result: yes
configure:10277: checking assembler for .p2align with maximum skip
configure:10304: result: yes
configure:10314: checking assembler for working .subsection -1
configure:10353: result: yes
configure:10363: checking assembler for .weak
configure:10390: result: yes
configure:10400: checking assembler for .nsubspa comdat
configure:10428: result: no
configure:10445: checking assembler for .hidden
configure:10474: result: yes
configure:10478: checking linker for .hidden support
configure:10534: result: yes
configure:10548: checking assembler for .sleb128 and .uleb128
configure:10595: result: yes
configure:10607: checking assembler for eh_frame optimization
configure:10695: result: no
configure:10707: checking assembler for section merging support
configure:10735: result: yes
configure:11809: checking linker read-only and read-write section mixing
configure:11847: result: unknown
configure:11850: checking linker PT_GNU_EH_FRAME support
configure:11871: result: no
configure:11874: checking linker position independent executable support
configure:11895: result: yes
configure:11898: checking linker -Bstatic/-Bdynamic option
configure:11919: result: yes
configure:12137: checking whether to enable maintainer-specific portions of Makefiles
configure:12147: result: no
configure:12568: creating ./config.status

## ---------------------- ##
## Running config.status. ##
## ---------------------- ##

This file was extended by config.status, which was
generated by GNU Autoconf 2.59.  Invocation command line was

  CONFIG_FILES    = 
  CONFIG_HEADERS  = 
  CONFIG_LINKS    = 
  CONFIG_COMMANDS = 
  $ ./config.status 

on aki-UX32VD

config.status:13430: creating Makefile
config.status:13430: creating fixinc/Makefile
config.status:13430: creating gccbug
config.status:13430: creating mklibgcc
config.status:13430: creating mkheaders
config.status:13532: creating auto-host.h
config.status:13674: auto-host.h is unchanged
config.status:13834: executing default commands

## ---------------- ##
## Cache variables. ##
## ---------------- ##

ac_cv_build='x86_64-unknown-linux-gnu'
ac_cv_build_alias='x86_64-unknown-linux-gnu'
ac_cv_c___int64='no'
ac_cv_c_bigendian='no'
ac_cv_c_compiler_gnu='yes'
ac_cv_c_inline='inline'
ac_cv_c_long_long='yes'
ac_cv_env_CC_set='set'
ac_cv_env_CC_value='gcc'
ac_cv_env_CFLAGS_set='set'
ac_cv_env_CFLAGS_value='-g -O2'
ac_cv_env_CPPFLAGS_set=''
ac_cv_env_CPPFLAGS_value=''
ac_cv_env_CPP_set=''
ac_cv_env_CPP_value=''
ac_cv_env_LDFLAGS_set=''
ac_cv_env_LDFLAGS_value=''
ac_cv_env_build_alias_set='set'
ac_cv_env_build_alias_value='x86_64-unknown-linux-gnu'
ac_cv_env_host_alias_set='set'
ac_cv_env_host_alias_value='x86_64-unknown-linux-gnu'
ac_cv_env_target_alias_set='set'
ac_cv_env_target_alias_value='h8300-elf'
ac_cv_exeext=''
ac_cv_func_alphasort='yes'
ac_cv_func_atoll='yes'
ac_cv_func_atoq='no'
ac_cv_func_clock='yes'
ac_cv_func_dup2='yes'
ac_cv_func_fork='yes'
ac_cv_func_fork_works='yes'
ac_cv_func_fprintf_unlocked='no'
ac_cv_func_fputc_unlocked='yes'
ac_cv_func_fputs_unlocked='yes'
ac_cv_func_fwrite_unlocked='yes'
ac_cv_func_getrlimit='yes'
ac_cv_func_getrusage='yes'
ac_cv_func_gettimeofday='yes'
ac_cv_func_kill='yes'
ac_cv_func_mbstowcs='yes'
ac_cv_func_mincore='yes'
ac_cv_func_mmap='yes'
ac_cv_func_nl_langinfo='yes'
ac_cv_func_putc_unlocked='yes'
ac_cv_func_scandir='yes'
ac_cv_func_setlocale='yes'
ac_cv_func_setrlimit='yes'
ac_cv_func_strsignal='yes'
ac_cv_func_sysconf='yes'
ac_cv_func_times='yes'
ac_cv_func_vfork='yes'
ac_cv_func_vfork_works='yes'
ac_cv_func_wcswidth='yes'
ac_cv_header_direct_h='no'
ac_cv_header_fcntl_h='yes'
ac_cv_header_iconv_h='yes'
ac_cv_header_inttypes_h='yes'
ac_cv_header_langinfo_h='yes'
ac_cv_header_ldfcn_h='no'
ac_cv_header_limits_h='yes'
ac_cv_header_locale_h='yes'
ac_cv_header_malloc_h='yes'
ac_cv_header_memory_h='yes'
ac_cv_header_pthread_h='yes'
ac_cv_header_stdbool_h='yes'
ac_cv_header_stdc='yes'
ac_cv_header_stddef_h='yes'
ac_cv_header_stdint_h='yes'
ac_cv_header_stdlib_h='yes'
ac_cv_header_string_h='yes'
ac_cv_header_strings_h='yes'
ac_cv_header_sys_file_h='yes'
ac_cv_header_sys_mman_h='yes'
ac_cv_header_sys_param_h='yes'
ac_cv_header_sys_resource_h='yes'
ac_cv_header_sys_stat_h='yes'
ac_cv_header_sys_time_h='yes'
ac_cv_header_sys_times_h='yes'
ac_cv_header_sys_types_h='yes'
ac_cv_header_sys_wait_h='yes'
ac_cv_header_thread_h='no'
ac_cv_header_time='yes'
ac_cv_header_time_h='yes'
ac_cv_header_unistd_h='yes'
ac_cv_header_valgrind_h='no'
ac_cv_header_vfork_h='no'
ac_cv_header_wchar_h='yes'
ac_cv_host='x86_64-unknown-linux-gnu'
ac_cv_host_alias='x86_64-unknown-linux-gnu'
ac_cv_objext='o'
ac_cv_path_install='/usr/bin/install -c'
ac_cv_prog_AWK='mawk'
ac_cv_prog_BISON='/bin/sh ../../gcc/../missing bison'
ac_cv_prog_CC='gcc'
ac_cv_prog_CPP='gcc -E'
ac_cv_prog_FLEX='/bin/sh ../../gcc/../missing flex'
ac_cv_prog_RANLIB='ranlib'
ac_cv_prog_ac_ct_GNATBIND='no'
ac_cv_prog_cc_g='yes'
ac_cv_prog_cc_gcc_c_o='yes'
ac_cv_prog_cc_no_long_long='yes'
ac_cv_prog_cc_stdc=''
ac_cv_prog_egrep='grep -E'
ac_cv_prog_have_mktemp_command='yes'
ac_cv_prog_make_make_set='yes'
ac_cv_search_exc_resume='no'
ac_cv_search_ldexp='none required'
ac_cv_sizeof_int='4'
ac_cv_sizeof_long='8'
ac_cv_sizeof_long_long='8'
ac_cv_sizeof_short='2'
ac_cv_sizeof_void_p='8'
ac_cv_struct_tms='yes'
ac_cv_target='h8300-unknown-elf'
ac_cv_target_alias='h8300-elf'
ac_cv_type_getgroups='gid_t'
ac_cv_type_pid_t='yes'
ac_cv_type_ssize_t='yes'
ac_cv_type_uchar='no'
ac_cv_type_uid_t='yes'
am_cv_func_iconv='yes'
am_cv_lib_iconv='no'
am_cv_lib_iconv_ldpath=''
am_cv_proto_iconv='extern size_t iconv (iconv_t cd, char * *inbuf, size_t *inbytesleft, char * *outbuf, size_t *outbytesleft);'
am_cv_proto_iconv_arg1=''
am_cv_val_LC_MESSAGES='yes'
gcc_cv_as='/usr/local/h8300-elf/bin/as'
gcc_cv_as_balign_and_p2align='yes'
gcc_cv_as_eh_frame='no'
gcc_cv_as_gas_srcdir='../../gas'
gcc_cv_as_hidden='yes'
gcc_cv_as_leb128='yes'
gcc_cv_as_max_skip_p2align='yes'
gcc_cv_as_nsubspa_comdat='no'
gcc_cv_as_shf_merge='yes'
gcc_cv_as_subsection_m1='yes'
gcc_cv_as_weak='yes'
gcc_cv_binutils_srcdir='../../binutils'
gcc_cv_c__bool='yes'
gcc_cv_cc_supports_ada='no'
gcc_cv_collect2_libs='none required'
gcc_cv_decl_char_bit='yes'
gcc_cv_decl_map_anon='yes'
gcc_cv_func_mbstowcs_works='yes'
gcc_cv_func_mmap_anon='yes'
gcc_cv_func_mmap_dev_zero='yes'
gcc_cv_func_mmap_file='yes'
gcc_cv_func_printf_ptr='yes'
gcc_cv_gas_major_version=''
gcc_cv_gas_minor_version=''
gcc_cv_gld_major_version=''
gcc_cv_gld_minor_version=''
gcc_cv_glibc='yes'
gcc_cv_have_decl_abort='yes'
gcc_cv_have_decl_atof='yes'
gcc_cv_have_decl_atol='yes'
gcc_cv_have_decl_basename='yes'
gcc_cv_have_decl_calloc='yes'
gcc_cv_have_decl_clock='yes'
gcc_cv_have_decl_errno='yes'
gcc_cv_have_decl_fprintf_unlocked='no'
gcc_cv_have_decl_fputs_unlocked='yes'
gcc_cv_have_decl_free='yes'
gcc_cv_have_decl_fwrite_unlocked='yes'
gcc_cv_have_decl_getcwd='yes'
gcc_cv_have_decl_getenv='yes'
gcc_cv_have_decl_getopt='no'
gcc_cv_have_decl_getrlimit='yes'
gcc_cv_have_decl_getrusage='yes'
gcc_cv_have_decl_getwd='yes'
gcc_cv_have_decl_ldgetname='no'
gcc_cv_have_decl_malloc='yes'
gcc_cv_have_decl_putc_unlocked='yes'
gcc_cv_have_decl_realloc='yes'
gcc_cv_have_decl_sbrk='yes'
gcc_cv_have_decl_setrlimit='yes'
gcc_cv_have_decl_snprintf='yes'
gcc_cv_have_decl_strsignal='yes'
gcc_cv_have_decl_strstr='yes'
gcc_cv_have_decl_times='yes'
gcc_cv_have_decl_vasprintf='yes'
gcc_cv_header_inttypes_h='yes'
gcc_cv_header_string='yes'
gcc_cv_initfini_array='yes'
gcc_cv_ld='/usr/local/h8300-elf/bin/ld'
gcc_cv_ld_bfd_srcdir='../../bfd'
gcc_cv_ld_eh_frame_hdr='no'
gcc_cv_ld_gld_srcdir='../../ld'
gcc_cv_ld_hidden='yes'
gcc_cv_ld_pie='yes'
gcc_cv_ld_ro_rw_mix='unknown'
gcc_cv_ld_static_dynamic='yes'
gcc_cv_mkdir_takes_one_arg='no'
gcc_cv_nm='h8300-elf-nm'
gcc_cv_objdump='h8300-elf-objdump'
gcc_cv_prog_LN='ln'
gcc_cv_prog_LN_S='ln -s'
gcc_cv_prog_cmp_skip='gnucompare'
gcc_cv_prog_makeinfo_modern='no'
gcc_cv_type_clock_t='yes'

## ----------------- ##
## Output variables. ##
## ----------------- ##

ALL='all.cross'
AWK='mawk'
BISON='/bin/sh ../../gcc/../missing bison'
BUILD_CFLAGS='$(ALL_CFLAGS)'
BUILD_INFO=''
BUILD_PREFIX=''
BUILD_PREFIX_1='ignore-'
CATALOGS=''
CC='gcc'
CC_FOR_BUILD='$(CC)'
CFLAGS='-g -O2'
COLLECT2_LIBS=''
CPP='gcc -E'
CPPFLAGS=''
CROSS='-DCROSS_COMPILE'
CROSS_SYSTEM_HEADER_DIR='$(gcc_tooldir)/sys-include'
DEFS='-DHAVE_CONFIG_H'
ECHO_C='ECHO_N=''
ECHO_T=''
EGREP='grep -E'
EXEEXT=''
FLEX='/bin/sh ../../gcc/../missing flex'
FORBUILD='..'
GENERATED_MANPAGES='generated-manpages'
GENINSRC='#'
GGC='ggc-page'
GMSGFMT='/usr/bin/msgfmt'
GNATBIND='no'
GNAT_LIBEXC=''
INCINTL=''
INSTALL='/usr/bin/install -c'
INSTALL_DATA='${INSTALL} -m 644'
INSTALL_PROGRAM='${INSTALL}'
LDEXP_LIB=''
LDFLAGS=''
LIBICONV=''
LIBICONV_DEP=''
LIBINTL=''
LIBINTL_DEP=''
LIBOBJS=''
LIBS=''
LN='ln'
LN_S='ln -s'
LTLIBOBJS=''
MAINT='#'
MAKEINFO=''
NO_MINUS_C_MINUS_O=''
OBJEXT='o'
OUTPUT_OPTION='-o $@'
PACKAGE='gcc'
PACKAGE_BUGREPORT=''
PACKAGE_NAME=''
PACKAGE_STRING=''
PACKAGE_TARNAME=''
PACKAGE_VERSION=''
PATH_SEPARATOR=':'
POSUB=''
RANLIB='ranlib'
SET_MAKE=''
SHELL='/bin/sh'
STMP_FIXINC='stmp-fixinc'
STMP_FIXPROTO='stmp-fixproto'
SYSTEM_HEADER_DIR='$(CROSS_SYSTEM_HEADER_DIR)'
TARGET_GETGROUPS_T='gid_t'
TARGET_SYSTEM_ROOT=''
TARGET_SYSTEM_ROOT_DEFINE=''
USE_NLS='no'
VERSION='3.4.6'
WERROR=''
XGETTEXT='/usr/bin/xgettext'
ac_ct_CC=''
ac_ct_GNATBIND='no'
ac_ct_RANLIB=''
all_boot_languages=''
all_compilers=''
all_gtfiles=' $(srcdir)/c-lang.c $(srcdir)/c-parse.in $(srcdir)/c-tree.h $(srcdir)/c-decl.c $(srcdir)/c-common.c $(srcdir)/c-common.h $(srcdir)/c-pragma.c $(srcdir)/c-objc-common.c'
all_gtfiles_files_files=' $(srcdir)/c-lang.c  $(srcdir)/c-parse.in  $(srcdir)/c-tree.h  $(srcdir)/c-decl.c  $(srcdir)/c-common.c  $(srcdir)/c-common.h  $(srcdir)/c-pragma.c  $(srcdir)/c-objc-common.c '
all_gtfiles_files_langs=' c  c  c  c  c  c  c  c '
all_lang_makefiles=''
all_lang_makefrags=''
all_languages=''
all_stagestuff=''
bindir='${exec_prefix}/bin'
build='x86_64-unknown-linux-gnu'
build_alias='x86_64-unknown-linux-gnu'
build_cpu='x86_64'
build_exeext=''
build_install_headers_dir='install-headers-tar'
build_os='linux-gnu'
build_subdir='build-x86_64-unknown-linux-gnu'
build_vendor='unknown'
build_xm_defines=''
build_xm_file_list=' auto-host.h $(srcdir)/../include/ansidecl.h'
build_xm_include_list=' auto-host.h ansidecl.h'
c_target_objs=''
cc_set_by_configure='$(CC)'
check_languages=''
coverage_flags=''
cpp_install_dir=''
cxx_target_objs=''
datadir='${prefix}/share'
dollar=''
enable_multilib='yes'
enable_shared='no'
exec_prefix='${prefix}'
extra_gcc_objs=' '
extra_headers_list=''
extra_modes_file=''
extra_objs=' '
extra_parts=''
extra_passes=''
extra_programs=''
float_h_file=''
gcc_config_arguments='../configure --target=h8300-elf --disable-nls --disable-threads --disable-shared --enable-language=c --disable-werror : (reconfigured) ../configure --target=h8300-elf --disable-nls --disable-threads --disable-shared --enable-language=c --disable-werror : (reconfigured) ../configure --target=h8300-elf --disable-nls --disable-threads --disable-shared --enable-languages=c --disable-werror'
gcc_gxx_include_dir='$(libsubdir)/$(unlibsubdir)/..`echo $(exec_prefix) | sed -e 's|^$(prefix)||' -e 's|/[^/]*|/..|g'`/include/c++/3.4.6'
gcc_tooldir='$(libsubdir)/$(unlibsubdir)/../$(target_noncanonical)'
gcc_version='3.4.6'
gcc_version_full='3.4.6'
gcc_version_trigger='/home/aki/workshed/src/gcc-3.4.6/gcc/version.c'
gthread_flags=''
have_mktemp_command='yes'
host='x86_64-unknown-linux-gnu'
host_alias='x86_64-unknown-linux-gnu'
host_cpu='x86_64'
host_exeext=''
host_os='linux-gnu'
host_subdir='.'
host_vendor='unknown'
host_xm_defines=''
host_xm_file_list=' auto-host.h $(srcdir)/../include/ansidecl.h'
host_xm_include_list=' auto-host.h ansidecl.h'
includedir='${prefix}/include'
infodir='${prefix}/info'
inhibit_libc='-Dinhibit_libc'
install=''
lang_opt_files=''
lang_specs_files=''
lang_tree_files=''
libdir='${exec_prefix}/lib'
libexecdir='${exec_prefix}/libexec'
libgcc_visibility='yes'
libstdcxx_incdir='c++/3.4.6'
local_prefix='/usr/local'
localstatedir='${prefix}/var'
make_compare_target='gnucompare'
mandir='${prefix}/man'
manext='.1'
md_file='h8300/h8300.md'
nocommon_flag=''
objc_boehm_gc=''
objdir='/home/aki/workshed/src/gcc-3.4.6/build/gcc'
objext='.o'
oldincludedir='/usr/include'
onestep=''
out_file='h8300/h8300.c'
out_host_hook_obj='host-linux.o'
out_object_file='h8300.o'
prefix='/usr/local'
program_transform_name='s,^,h8300-elf-,;'
quoted_cc_set_by_configure='$(CC)'
quoted_stage_prefix_set_by_configure='$(STAGE_PREFIX)'
sbindir='${exec_prefix}/sbin'
set_gcc_lib_path=''
sharedstatedir='${prefix}/com'
slibdir='$(build_tooldir)/lib'
srcdir='../../gcc'
stage1_cflags=''
stage_prefix_set_by_configure='$(STAGE_PREFIX)'
strict1_warn='-pedantic -Wno-long-long'
subdirs=''
symbolic_link='ln -s'
sysconfdir='${prefix}/etc'
target='h8300-unknown-elf'
target_alias='h8300-elf'
target_cpu='h8300'
target_cpu_default=''
target_noncanonical='h8300-elf'
target_os='elf'
target_subdir='h8300-elf'
target_vendor='unknown'
thread_file='single'
tm_defines=''
tm_file_list=' $(srcdir)/config/h8300/h8300.h $(srcdir)/config/dbxelf.h $(srcdir)/config/elfos.h $(srcdir)/config/h8300/elf.h $(srcdir)/defaults.h'
tm_include_list=' config/h8300/h8300.h config/dbxelf.h config/elfos.h config/h8300/elf.h defaults.h'
tm_p_file_list=' $(srcdir)/config/h8300/h8300-protos.h tm-preds.h'
tm_p_include_list=' config/h8300/h8300-protos.h tm-preds.h'
tmake_file=' $(srcdir)/config/h8300/t-h8300 $(srcdir)/config/h8300/t-elf'
valgrind_command=''
valgrind_path=''
valgrind_path_defines=''
warn_cflags='$(GCC_WARN_CFLAGS)'
xm_defines=''
xm_file_list=' $(srcdir)/../include/ansidecl.h'
xm_include_list=' ansidecl.h'
xmake_file=' $(srcdir)/config/x-linux'
zlibdir='-L../zlib'
zlibinc='-I$(srcdir)/../zlib'

## ------------- ##
## Output files. ##
## ------------- ##

language_hooks='Make-hooks'

## ----------- ##
## confdefs.h. ##
## ----------- ##

#define BYTEORDER 1234
#define GETGROUPS_T gid_t
#define HAVE_ALPHASORT 1
#define HAVE_AS_LEB128 1
#define HAVE_ATOLL 1
#define HAVE_CLOCK 1
#define HAVE_CLOCK_T 1
#define HAVE_DECL_ABORT 1
#define HAVE_DECL_ATOF 1
#define HAVE_DECL_ATOL 1
#define HAVE_DECL_BASENAME 1
#define HAVE_DECL_CALLOC 1
#define HAVE_DECL_CLOCK 1
#define HAVE_DECL_ERRNO 1
#define HAVE_DECL_FPRINTF_UNLOCKED 0
#define HAVE_DECL_FPUTS_UNLOCKED 1
#define HAVE_DECL_FREE 1
#define HAVE_DECL_FWRITE_UNLOCKED 1
#define HAVE_DECL_GETCWD 1
#define HAVE_DECL_GETENV 1
#define HAVE_DECL_GETOPT 0
#define HAVE_DECL_GETRLIMIT 1
#define HAVE_DECL_GETRUSAGE 1
#define HAVE_DECL_GETWD 1
#define HAVE_DECL_LDGETNAME 0
#define HAVE_DECL_MALLOC 1
#define HAVE_DECL_PUTC_UNLOCKED 1
#define HAVE_DECL_REALLOC 1
#define HAVE_DECL_SBRK 1
#define HAVE_DECL_SETRLIMIT 1
#define HAVE_DECL_SNPRINTF 1
#define HAVE_DECL_STRSIGNAL 1
#define HAVE_DECL_STRSTR 1
#define HAVE_DECL_TIMES 1
#define HAVE_DECL_VASPRINTF 1
#define HAVE_DUP2 1
#define HAVE_FCNTL_H 1
#define HAVE_FORK 1
#define HAVE_FPUTC_UNLOCKED 1
#define HAVE_FPUTS_UNLOCKED 1
#define HAVE_FWRITE_UNLOCKED 1
#define HAVE_GAS_BALIGN_AND_P2ALIGN 1
#define HAVE_GAS_HIDDEN 1
#define HAVE_GAS_MAX_SKIP_P2ALIGN 1
#define HAVE_GAS_SHF_MERGE 1
#define HAVE_GAS_SUBSECTION_ORDERING 1
#define HAVE_GAS_WEAK 1
#define HAVE_GETRLIMIT 1
#define HAVE_GETRUSAGE 1
#define HAVE_GETTIMEOFDAY 1
#define HAVE_ICONV 1
#define HAVE_ICONV_H 1
#define HAVE_INITFINI_ARRAY 1
#define HAVE_INTTYPES_H 1
#define HAVE_INTTYPES_H 1
#define HAVE_KILL 1
#define HAVE_LANGINFO_H 1
#define HAVE_LC_MESSAGES 1
#define HAVE_LD_PIE 1
#define HAVE_LD_STATIC_DYNAMIC 1
#define HAVE_LIMITS_H 1
#define HAVE_LOCALE_H 1
#define HAVE_LONG_LONG 1
#define HAVE_MALLOC_H 1
#define HAVE_MBSTOWCS 1
#define HAVE_MEMORY_H 1
#define HAVE_MINCORE 1
#define HAVE_MMAP 1
#define HAVE_MMAP_ANON 1
#define HAVE_MMAP_DEV_ZERO 1
#define HAVE_MMAP_FILE 1
#define HAVE_NL_LANGINFO 1
#define HAVE_PRINTF_PTR 1
#define HAVE_PUTC_UNLOCKED 1
#define HAVE_SCANDIR 1
#define HAVE_SETLOCALE 1
#define HAVE_SETRLIMIT 1
#define HAVE_STDBOOL_H 1
#define HAVE_STDDEF_H 1
#define HAVE_STDINT_H 1
#define HAVE_STDLIB_H 1
#define HAVE_STDLIB_H 1
#define HAVE_STRINGS_H 1
#define HAVE_STRINGS_H 1
#define HAVE_STRING_H 1
#define HAVE_STRING_H 1
#define HAVE_STRSIGNAL 1
#define HAVE_STRUCT_TMS 1
#define HAVE_SYSCONF 1
#define HAVE_SYS_FILE_H 1
#define HAVE_SYS_MMAN_H 1
#define HAVE_SYS_PARAM_H 1
#define HAVE_SYS_RESOURCE_H 1
#define HAVE_SYS_STAT_H 1
#define HAVE_SYS_STAT_H 1
#define HAVE_SYS_TIMES_H 1
#define HAVE_SYS_TIME_H 1
#define HAVE_SYS_TYPES_H 1
#define HAVE_SYS_WAIT_H 1
#define HAVE_TIMES 1
#define HAVE_TIME_H 1
#define HAVE_UNISTD_H 1
#define HAVE_UNISTD_H 1
#define HAVE_UNISTD_H 1
#define HAVE_VFORK 1
#define HAVE_WCHAR_H 1
#define HAVE_WCSWIDTH 1
#define HAVE_WORKING_FORK 1
#define HAVE_WORKING_MBSTOWCS 1
#define HAVE_WORKING_VFORK 1
#define HAVE__BOOL 1
#define ICONV_CONST 
#define PACKAGE_BUGREPORT ""
#define PACKAGE_NAME ""
#define PACKAGE_STRING ""
#define PACKAGE_TARNAME ""
#define PACKAGE_VERSION ""
#define SIZEOF_INT 4
#define SIZEOF_LONG 8
#define SIZEOF_LONG_LONG 8
#define SIZEOF_SHORT 2
#define SIZEOF_VOID_P 8
#define STDC_HEADERS 1
#define STDC_HEADERS 1
#define STRING_WITH_STRINGS 1
#define TIME_WITH_SYS_TIME 1
#define _GNU_SOURCE 1

configure: exit 0
