This file contains any messages produced by compilers while
running configure, to aid debugging if configure makes a mistake.

It was created by configure, which was
generated by GNU Autoconf 2.57.  Invocation command line was

  $ /home/aki/workshed/src/gcc-3.4.6/libiberty/configure --cache-file=./config.cache --build=x86_64-unknown-linux-gnu --host=x86_64-unknown-linux-gnu --target=h8300-elf --disable-nls --disable-threads --disable-shared --enable-languages=c --disable-werror --with-gcc-version-trigger=/home/aki/workshed/src/gcc-3.4.6/gcc/version.c --program-transform-name=s,^,h8300-elf-,;  --srcdir=../../libiberty

## --------- ##
## Platform. ##
## --------- ##

hostname = aki-UX32VD
uname -m = x86_64
uname -r = 4.4.0-21-generic
uname -s = Linux
uname -v = #37-Ubuntu SMP Mon Apr 18 18:33:37 UTC 2016

/usr/bin/uname -p = unknown
/bin/uname -X     = unknown

/bin/arch              = unknown
/usr/bin/arch -k       = unknown
/usr/convex/getsysinfo = unknown
hostinfo               = unknown
/bin/machine           = unknown
/usr/bin/oslevel       = unknown
/bin/universe          = unknown

PATH: /usr/local/sbin
PATH: /usr/local/bin
PATH: /usr/sbin
PATH: /usr/bin
PATH: /sbin
PATH: /bin
PATH: /usr/games
PATH: /usr/local/games
PATH: /snap/bin


## ----------- ##
## Core tests. ##
## ----------- ##

configure:1186: loading cache ./config.cache
configure:1350: checking whether to enable maintainer-specific portions of Makefiles
configure:1360: result: no
configure:1375: checking for makeinfo
configure:1404: result: no
configure:1440: checking for perl
configure:1466: result: perl
configure:1486: checking build system type
configure:1504: result: x86_64-unknown-linux-gnu
configure:1512: checking host system type
configure:1526: result: x86_64-unknown-linux-gnu
configure:1539: checking for x86_64-unknown-linux-gnu-ar
configure:1565: result: ar
configure:1618: checking for x86_64-unknown-linux-gnu-ranlib
configure:1644: result: ranlib
configure:1705: checking for x86_64-unknown-linux-gnu-gcc
configure:1731: result: gcc
configure:2013: checking for C compiler version
configure:2016: gcc --version </dev/null >&5
gcc (Ubuntu 5.4.0-6ubuntu1~16.04.9) 5.4.0 20160609
Copyright (C) 2015 Free Software Foundation, Inc.
This is free software; see the source for copying conditions.  There is NO
warranty; not even for MERCHANTABILITY or FITNESS FOR A PARTICULAR PURPOSE.

configure:2019: $? = 0
configure:2021: gcc -v </dev/null >&5
Using built-in specs.
COLLECT_GCC=gcc
COLLECT_LTO_WRAPPER=/usr/lib/gcc/x86_64-linux-gnu/5/lto-wrapper
Target: x86_64-linux-gnu
Configured with: ../src/configure -v --with-pkgversion='Ubuntu 5.4.0-6ubuntu1~16.04.9' --with-bugurl=file:///usr/share/doc/gcc-5/README.Bugs --enable-languages=c,ada,c++,java,go,d,fortran,objc,obj-c++ --prefix=/usr --program-suffix=-5 --enable-shared --enable-linker-build-id --libexecdir=/usr/lib --without-included-gettext --enable-threads=posix --libdir=/usr/lib --enable-nls --with-sysroot=/ --enable-clocale=gnu --enable-libstdcxx-debug --enable-libstdcxx-time=yes --with-default-libstdcxx-abi=new --enable-gnu-unique-object --disable-vtable-verify --enable-libmpx --enable-plugin --with-system-zlib --disable-browser-plugin --enable-java-awt=gtk --enable-gtk-cairo --with-java-home=/usr/lib/jvm/java-1.5.0-gcj-5-amd64/jre --enable-java-home --with-jvm-root-dir=/usr/lib/jvm/java-1.5.0-gcj-5-amd64 --with-jvm-jar-dir=/usr/lib/jvm-exports/java-1.5.0-gcj-5-amd64 --with-arch-directory=amd64 --with-ecj-jar=/usr/share/java/eclipse-ecj.jar --enable-objc-gc --enable-multiarch --disable-werror --with-arch-32=i686 --with-abi=m64 --with-multilib-list=m32,m64,mx32 --enable-multilib --with-tune=generic --enable-checking=release --build=x86_64-linux-gnu --host=x86_64-linux-gnu --target=x86_64-linux-gnu
Thread model: posix
gcc version 5.4.0 20160609 (Ubuntu 5.4.0-6ubuntu1~16.04.9) 
configure:2024: $? = 0
configure:2026: gcc -V </dev/null >&5
gcc: error: unrecognized command line option '-V'
gcc: fatal error: no input files
compilation terminated.
configure:2029: $? = 1
configure:2049: gcc -o conftest -g -O2   conftest.c  >&5
configure:2052: $? = 0
configure:2087: checking for C compiler default output
configure:2090: gcc -g -O2   conftest.c  >&5
configure:2093: $? = 0
configure:2139: result: a.out
configure:2144: checking whether the C compiler works
configure:2150: ./a.out
configure:2153: $? = 0
configure:2170: result: yes
configure:2177: checking whether we are cross compiling
configure:2179: result: no
configure:2182: checking for suffix of executables
configure:2184: gcc -o conftest -g -O2   conftest.c  >&5
configure:2187: $? = 0
configure:2212: result: 
configure:2219: checking for suffix of object files
configure:2266: result: o
configure:2270: checking whether we are using the GNU C compiler
configure:2317: result: yes
configure:2323: checking whether gcc accepts -g
configure:2365: result: yes
configure:2382: checking for gcc option to accept ANSI C
configure:2470: result: none needed
configure:2488: gcc -c -g -O2  conftest.c >&5
conftest.c:2:3: error: unknown type name 'choke'
   choke me
   ^
conftest.c:2:3: error: expected '=', ',', ';', 'asm' or '__attribute__' at end of input
configure:2491: $? = 1
configure: failed program was:
| #ifndef __cplusplus
|   choke me
| #endif
configure:2605: checking how to run the C preprocessor
configure:2723: result: gcc -E
configure:2748: gcc -E  conftest.c
configure:2754: $? = 0
configure:2786: gcc -E  conftest.c
configure:2786:28: fatal error: ac_nonexistent.h: No such file or directory
compilation terminated.
configure:2792: $? = 1
configure: failed program was:
| #line 2778 "configure"
| /* confdefs.h.  */
| 
| #define PACKAGE_NAME ""
| #define PACKAGE_TARNAME ""
| #define PACKAGE_VERSION ""
| #define PACKAGE_STRING ""
| #define PACKAGE_BUGREPORT ""
| /* end confdefs.h.  */
| #include <ac_nonexistent.h>
configure:2843: checking whether gcc and cc understand -c and -o together
configure:2921: result: yes
configure:2943: checking for an ANSI C-conforming const
configure:3031: result: yes
configure:3041: checking for inline
configure:3084: result: inline
configure:3099: checking whether byte ordering is bigendian
configure:3231: result: no
configure:3311: checking for a BSD-compatible install
configure:3365: result: /usr/bin/install -c
configure:3410: checking for sys/file.h
configure:3450: result: yes
configure:3410: checking for sys/param.h
configure:3450: result: yes
configure:3410: checking for limits.h
configure:3450: result: yes
configure:3410: checking for stdlib.h
configure:3450: result: yes
configure:3410: checking for malloc.h
configure:3450: result: yes
configure:3410: checking for string.h
configure:3450: result: yes
configure:3410: checking for unistd.h
configure:3450: result: yes
configure:3410: checking for strings.h
configure:3450: result: yes
configure:3410: checking for sys/time.h
configure:3450: result: yes
configure:3410: checking for time.h
configure:3450: result: yes
configure:3410: checking for sys/resource.h
configure:3450: result: yes
configure:3410: checking for sys/stat.h
configure:3450: result: yes
configure:3410: checking for sys/mman.h
configure:3450: result: yes
configure:3410: checking for fcntl.h
configure:3450: result: yes
configure:3410: checking for alloca.h
configure:3450: result: yes
configure:3410: checking for sys/pstat.h
configure:3450: result: no
configure:3410: checking for sys/sysmp.h
configure:3450: result: no
configure:3410: checking for sys/sysinfo.h
configure:3450: result: yes
configure:3410: checking for machine/hal_sysinfo.h
configure:3450: result: no
configure:3410: checking for sys/table.h
configure:3450: result: no
configure:3410: checking for sys/sysctl.h
configure:3450: result: yes
configure:3410: checking for sys/systemcfg.h
configure:3450: result: no
configure:3460: checking for sys/wait.h that is POSIX.1 compatible
configure:3512: result: yes
configure:3522: checking whether time.h and sys/time.h may both be included
configure:3568: result: yes
configure:3579: checking whether errno must be declared
configure:3621: result: no
configure:3632: checking for egrep
configure:3642: result: grep -E
configure:3647: checking for ANSI C header files
configure:3797: result: yes
configure:3821: checking for sys/types.h
configure:3861: result: yes
configure:3821: checking for sys/stat.h
configure:3861: result: yes
configure:3821: checking for stdlib.h
configure:3861: result: yes
configure:3821: checking for string.h
configure:3861: result: yes
configure:3821: checking for memory.h
configure:3861: result: yes
configure:3821: checking for strings.h
configure:3861: result: yes
configure:3821: checking for inttypes.h
configure:3861: result: yes
configure:3821: checking for stdint.h
configure:3861: result: yes
configure:3821: checking for unistd.h
configure:3861: result: yes
configure:3872: checking for uintptr_t
configure:3917: result: yes
configure:3938: checking for pid_t
configure:3983: result: yes
configure:4438: checking for library containing strerror
configure:4547: result: none required
configure:4558: checking for asprintf
configure:4635: result: yes
configure:4558: checking for atexit
configure:4635: result: yes
configure:4558: checking for basename
configure:4635: result: yes
configure:4558: checking for bcmp
configure:4635: result: yes
configure:4558: checking for bcopy
configure:4635: result: yes
configure:4558: checking for bsearch
configure:4635: result: yes
configure:4558: checking for bzero
configure:4635: result: yes
configure:4558: checking for calloc
configure:4635: result: yes
configure:4558: checking for clock
configure:4635: result: yes
configure:4558: checking for ffs
configure:4635: result: yes
configure:4558: checking for getcwd
configure:4635: result: yes
configure:4558: checking for getpagesize
configure:4635: result: yes
configure:4558: checking for index
configure:4635: result: yes
configure:4558: checking for insque
configure:4635: result: yes
configure:4558: checking for memchr
configure:4635: result: yes
configure:4558: checking for memcmp
configure:4635: result: yes
configure:4558: checking for memcpy
configure:4635: result: yes
configure:4558: checking for memmove
configure:4635: result: yes
configure:4558: checking for mempcpy
configure:4635: result: yes
configure:4558: checking for memset
configure:4635: result: yes
configure:4558: checking for mkstemps
configure:4635: result: yes
configure:4558: checking for putenv
configure:4635: result: yes
configure:4558: checking for random
configure:4635: result: yes
configure:4558: checking for rename
configure:4635: result: yes
configure:4558: checking for rindex
configure:4635: result: yes
configure:4558: checking for setenv
configure:4635: result: yes
configure:4558: checking for snprintf
configure:4635: result: yes
configure:4558: checking for sigsetmask
configure:4635: result: yes
configure:4558: checking for stpcpy
configure:4635: result: yes
configure:4558: checking for stpncpy
configure:4635: result: yes
configure:4558: checking for strcasecmp
configure:4635: result: yes
configure:4558: checking for strchr
configure:4635: result: yes
configure:4558: checking for strdup
configure:4635: result: yes
configure:4558: checking for strncasecmp
configure:4635: result: yes
configure:4558: checking for strrchr
configure:4635: result: yes
configure:4558: checking for strstr
configure:4635: result: yes
configure:4558: checking for strtod
configure:4635: result: yes
configure:4558: checking for strtol
configure:4635: result: yes
configure:4558: checking for strtoul
configure:4635: result: yes
configure:4558: checking for tmpnam
configure:4635: result: yes
configure:4558: checking for vasprintf
configure:4635: result: yes
configure:4558: checking for vfprintf
configure:4635: result: yes
configure:4558: checking for vprintf
configure:4635: result: yes
configure:4558: checking for vsnprintf
configure:4635: result: yes
configure:4558: checking for vsprintf
configure:4635: result: yes
configure:4558: checking for waitpid
configure:4635: result: yes
configure:4648: checking whether alloca needs Cray hooks
configure:4676: result: no
configure:4771: checking stack direction for C alloca
configure:4826: result: -1
configure:4839: checking for unistd.h
configure:4879: result: yes
configure:4839: checking for vfork.h
configure:4879: result: no
configure:4894: checking for fork
configure:4971: result: yes
configure:4894: checking for vfork
configure:4971: result: yes
configure:4982: checking for working fork
configure:5027: result: yes
configure:5048: checking for working vfork
configure:5182: result: yes
configure:5319: checking for _doprnt
configure:5396: result: no
configure:5409: checking for sys_errlist
configure:5458: result: yes
configure:5409: checking for sys_nerr
configure:5458: result: yes
configure:5409: checking for sys_siglist
configure:5458: result: yes
configure:5473: checking for external symbol _system_configuration
configure:5492: gcc -c -g -O2  conftest.c >&5
configure:5570:27: fatal error: sys/systemcfg.h: No such file or directory
compilation terminated.
configure:5495: $? = 1
configure: failed program was:
| #line 5476 "configure"
| /* confdefs.h.  */
| 
| #define PACKAGE_NAME ""
| #define PACKAGE_TARNAME ""
| #define PACKAGE_VERSION ""
| #define PACKAGE_STRING ""
| #define PACKAGE_BUGREPORT ""
| #define BYTEORDER 1234
| #define HAVE_SYS_FILE_H 1
| #define HAVE_SYS_PARAM_H 1
| #define HAVE_LIMITS_H 1
| #define HAVE_STDLIB_H 1
| #define HAVE_MALLOC_H 1
| #define HAVE_STRING_H 1
| #define HAVE_UNISTD_H 1
| #define HAVE_STRINGS_H 1
| #define HAVE_SYS_TIME_H 1
| #define HAVE_TIME_H 1
| #define HAVE_SYS_RESOURCE_H 1
| #define HAVE_SYS_STAT_H 1
| #define HAVE_SYS_MMAN_H 1
| #define HAVE_FCNTL_H 1
| #define HAVE_ALLOCA_H 1
| #define HAVE_SYS_SYSINFO_H 1
| #define HAVE_SYS_SYSCTL_H 1
| #define HAVE_SYS_WAIT_H 1
| #define TIME_WITH_SYS_TIME 1
| #define STDC_HEADERS 1
| #define HAVE_SYS_TYPES_H 1
| #define HAVE_SYS_STAT_H 1
| #define HAVE_STDLIB_H 1
| #define HAVE_STRING_H 1
| #define HAVE_MEMORY_H 1
| #define HAVE_STRINGS_H 1
| #define HAVE_INTTYPES_H 1
| #define HAVE_STDINT_H 1
| #define HAVE_UNISTD_H 1
| #define HAVE_UINTPTR_T 1
| #define HAVE_ASPRINTF 1
| #define HAVE_ATEXIT 1
| #define HAVE_BASENAME 1
| #define HAVE_BCMP 1
| #define HAVE_BCOPY 1
| #define HAVE_BSEARCH 1
| #define HAVE_BZERO 1
| #define HAVE_CALLOC 1
| #define HAVE_CLOCK 1
| #define HAVE_FFS 1
| #define HAVE_GETCWD 1
| #define HAVE_GETPAGESIZE 1
| #define HAVE_INDEX 1
| #define HAVE_INSQUE 1
| #define HAVE_MEMCHR 1
| #define HAVE_MEMCMP 1
| #define HAVE_MEMCPY 1
| #define HAVE_MEMMOVE 1
| #define HAVE_MEMPCPY 1
| #define HAVE_MEMSET 1
| #define HAVE_MKSTEMPS 1
| #define HAVE_PUTENV 1
| #define HAVE_RANDOM 1
| #define HAVE_RENAME 1
| #define HAVE_RINDEX 1
| #define HAVE_SETENV 1
| #define HAVE_SNPRINTF 1
| #define HAVE_SIGSETMASK 1
| #define HAVE_STPCPY 1
| #define HAVE_STPNCPY 1
| #define HAVE_STRCASECMP 1
| #define HAVE_STRCHR 1
| #define HAVE_STRDUP 1
| #define HAVE_STRNCASECMP 1
| #define HAVE_STRRCHR 1
| #define HAVE_STRSTR 1
| #define HAVE_STRTOD 1
| #define HAVE_STRTOL 1
| #define HAVE_STRTOUL 1
| #define HAVE_TMPNAM 1
| #define HAVE_VASPRINTF 1
| #define HAVE_VFPRINTF 1
| #define HAVE_VPRINTF 1
| #define HAVE_VSNPRINTF 1
| #define HAVE_VSPRINTF 1
| #define HAVE_WAITPID 1
| #define STACK_DIRECTION -1
| #define HAVE_UNISTD_H 1
| #define HAVE_FORK 1
| #define HAVE_VFORK 1
| #define HAVE_WORKING_VFORK 1
| #define HAVE_WORKING_FORK 1
| #define HAVE_SYS_ERRLIST 1
| #define HAVE_SYS_NERR 1
| #define HAVE_SYS_SIGLIST 1
| /* end confdefs.h.  */
| #include <sys/systemcfg.h>
| int
| main ()
| {
| double x = _system_configuration.physmem;
|   ;
|   return 0;
| }
configure:5514: result: no
configure:5523: checking for getrusage
configure:5600: result: yes
configure:5523: checking for on_exit
configure:5600: result: yes
configure:5523: checking for psignal
configure:5600: result: yes
configure:5523: checking for strerror
configure:5600: result: yes
configure:5523: checking for strsignal
configure:5600: result: yes
configure:5523: checking for sysconf
configure:5600: result: yes
configure:5523: checking for times
configure:5600: result: yes
configure:5523: checking for sbrk
configure:5600: result: yes
configure:5523: checking for gettimeofday
configure:5600: result: yes
configure:5523: checking for realpath
configure:5600: result: yes
configure:5523: checking for canonicalize_file_name
configure:5600: result: yes
configure:5523: checking for pstat_getstatic
configure:5600: result: no
configure:5523: checking for pstat_getdynamic
configure:5600: result: no
configure:5523: checking for sysmp
configure:5600: result: no
configure:5523: checking for getsysinfo
configure:5600: result: no
configure:5523: checking for table
configure:5600: result: no
configure:5523: checking for sysctl
configure:5600: result: yes
configure:5610: checking whether canonicalize_file_name must be declared
configure:5668: result: yes
configure:6020: checking for working strncmp
configure:6121: result: yes
configure:6235: creating ./config.status

## ---------------------- ##
## Running config.status. ##
## ---------------------- ##

This file was extended by config.status, which was
generated by GNU Autoconf 2.57.  Invocation command line was

  CONFIG_FILES    = 
  CONFIG_HEADERS  = 
  CONFIG_LINKS    = 
  CONFIG_COMMANDS = 
  $ ./config.status 

on aki-UX32VD

config.status:6949: creating Makefile
config.status:6949: creating testsuite/Makefile
config.status:7052: creating config.h
config.status:7193: config.h is unchanged
config.status:7295: executing default commands

## ---------------- ##
## Cache variables. ##
## ---------------- ##

ac_cv_build='x86_64-unknown-linux-gnu'
ac_cv_build_alias='x86_64-unknown-linux-gnu'
ac_cv_c_bigendian='no'
ac_cv_c_compiler_gnu='yes'
ac_cv_c_const='yes'
ac_cv_c_inline='inline'
ac_cv_c_stack_direction='-1'
ac_cv_env_CC_set='set'
ac_cv_env_CC_value='gcc'
ac_cv_env_CFLAGS_set='set'
ac_cv_env_CFLAGS_value='-g -O2'
ac_cv_env_CPPFLAGS_set=''
ac_cv_env_CPPFLAGS_value=''
ac_cv_env_CPP_set=''
ac_cv_env_CPP_value=''
ac_cv_env_LDFLAGS_set=''
ac_cv_env_LDFLAGS_value=''
ac_cv_env_build_alias_set='set'
ac_cv_env_build_alias_value='x86_64-unknown-linux-gnu'
ac_cv_env_host_alias_set='set'
ac_cv_env_host_alias_value='x86_64-unknown-linux-gnu'
ac_cv_env_target_alias_set='set'
ac_cv_env_target_alias_value='h8300-elf'
ac_cv_exeext=''
ac_cv_func__doprnt='no'
ac_cv_func_asprintf='yes'
ac_cv_func_atexit='yes'
ac_cv_func_basename='yes'
ac_cv_func_bcmp='yes'
ac_cv_func_bcopy='yes'
ac_cv_func_bsearch='yes'
ac_cv_func_bzero='yes'
ac_cv_func_calloc='yes'
ac_cv_func_canonicalize_file_name='yes'
ac_cv_func_clock='yes'
ac_cv_func_ffs='yes'
ac_cv_func_fork='yes'
ac_cv_func_fork_works='yes'
ac_cv_func_getcwd='yes'
ac_cv_func_getpagesize='yes'
ac_cv_func_getrusage='yes'
ac_cv_func_getsysinfo='no'
ac_cv_func_gettimeofday='yes'
ac_cv_func_index='yes'
ac_cv_func_insque='yes'
ac_cv_func_memchr='yes'
ac_cv_func_memcmp='yes'
ac_cv_func_memcpy='yes'
ac_cv_func_memmove='yes'
ac_cv_func_mempcpy='yes'
ac_cv_func_memset='yes'
ac_cv_func_mkstemps='yes'
ac_cv_func_mmap_fixed_mapped='yes'
ac_cv_func_on_exit='yes'
ac_cv_func_psignal='yes'
ac_cv_func_pstat_getdynamic='no'
ac_cv_func_pstat_getstatic='no'
ac_cv_func_putenv='yes'
ac_cv_func_random='yes'
ac_cv_func_realpath='yes'
ac_cv_func_rename='yes'
ac_cv_func_rindex='yes'
ac_cv_func_sbrk='yes'
ac_cv_func_setenv='yes'
ac_cv_func_sigsetmask='yes'
ac_cv_func_snprintf='yes'
ac_cv_func_stpcpy='yes'
ac_cv_func_stpncpy='yes'
ac_cv_func_strcasecmp='yes'
ac_cv_func_strchr='yes'
ac_cv_func_strdup='yes'
ac_cv_func_strerror='yes'
ac_cv_func_strncasecmp='yes'
ac_cv_func_strncmp_works='yes'
ac_cv_func_strrchr='yes'
ac_cv_func_strsignal='yes'
ac_cv_func_strstr='yes'
ac_cv_func_strtod='yes'
ac_cv_func_strtol='yes'
ac_cv_func_strtoul='yes'
ac_cv_func_sysconf='yes'
ac_cv_func_sysctl='yes'
ac_cv_func_sysmp='no'
ac_cv_func_table='no'
ac_cv_func_times='yes'
ac_cv_func_tmpnam='yes'
ac_cv_func_vasprintf='yes'
ac_cv_func_vfork='yes'
ac_cv_func_vfork_works='yes'
ac_cv_func_vfprintf='yes'
ac_cv_func_vprintf='yes'
ac_cv_func_vsnprintf='yes'
ac_cv_func_vsprintf='yes'
ac_cv_func_waitpid='yes'
ac_cv_header_alloca_h='yes'
ac_cv_header_fcntl_h='yes'
ac_cv_header_inttypes_h='yes'
ac_cv_header_limits_h='yes'
ac_cv_header_machine_hal_sysinfo_h='no'
ac_cv_header_malloc_h='yes'
ac_cv_header_memory_h='yes'
ac_cv_header_stdc='yes'
ac_cv_header_stdint_h='yes'
ac_cv_header_stdlib_h='yes'
ac_cv_header_string_h='yes'
ac_cv_header_strings_h='yes'
ac_cv_header_sys_file_h='yes'
ac_cv_header_sys_mman_h='yes'
ac_cv_header_sys_param_h='yes'
ac_cv_header_sys_pstat_h='no'
ac_cv_header_sys_resource_h='yes'
ac_cv_header_sys_stat_h='yes'
ac_cv_header_sys_sysctl_h='yes'
ac_cv_header_sys_sysinfo_h='yes'
ac_cv_header_sys_sysmp_h='no'
ac_cv_header_sys_systemcfg_h='no'
ac_cv_header_sys_table_h='no'
ac_cv_header_sys_time_h='yes'
ac_cv_header_sys_types_h='yes'
ac_cv_header_sys_wait_h='yes'
ac_cv_header_time='yes'
ac_cv_header_time_h='yes'
ac_cv_header_unistd_h='yes'
ac_cv_header_vfork_h='no'
ac_cv_host='x86_64-unknown-linux-gnu'
ac_cv_host_alias='x86_64-unknown-linux-gnu'
ac_cv_objext='o'
ac_cv_os_cray='no'
ac_cv_path_install='/usr/bin/install -c'
ac_cv_prog_AR='ar'
ac_cv_prog_CC='gcc'
ac_cv_prog_CPP='gcc -E'
ac_cv_prog_PERL='perl'
ac_cv_prog_RANLIB='ranlib'
ac_cv_prog_cc_g='yes'
ac_cv_prog_cc_gcc_c_o='yes'
ac_cv_prog_cc_stdc=''
ac_cv_prog_egrep='grep -E'
ac_cv_search_strerror='none required'
ac_cv_type_pid_t='yes'
ac_cv_type_uintptr_t='yes'
libiberty_cv_decl_needed_canonicalize_file_name='yes'
libiberty_cv_declare_errno='no'
libiberty_cv_var_sys_errlist='yes'
libiberty_cv_var_sys_nerr='yes'
libiberty_cv_var_sys_siglist='yes'

## ----------------- ##
## Output variables. ##
## ----------------- ##

AR='ar'
BUILD_INFO=''
CC='gcc'
CFLAGS='-g -O2'
CHECK='check-cplus-dem'
CPP='gcc -E'
CPPFLAGS=''
DEFS='-DHAVE_CONFIG_H'
ECHO_C='ECHO_N=''
ECHO_T=''
EGREP='grep -E'
EXEEXT=''
HAVE_PERL=''
INSTALL_DATA='${INSTALL} -m 644'
INSTALL_DEST='libdir'
INSTALL_PROGRAM='${INSTALL}'
INSTALL_SCRIPT='${INSTALL}'
LDFLAGS=''
LIBOBJS=''
LIBS=''
LTLIBOBJS=''
MAINT='#'
MAKEINFO='@echo makeinfo missing; true'
NOTMAINT=''
NO_MINUS_C_MINUS_O=''
OBJEXT='o'
OUTPUT_OPTION='-o $@'
PACKAGE_BUGREPORT=''
PACKAGE_NAME=''
PACKAGE_STRING=''
PACKAGE_TARNAME=''
PACKAGE_VERSION=''
PATH_SEPARATOR=':'
PERL='perl'
RANLIB='ranlib'
SHELL='/bin/sh'
ac_ct_AR=''
ac_ct_CC=''
ac_ct_RANLIB=''
ac_libiberty_warn_cflags='-W -Wall -Wtraditional -pedantic'
bindir='${exec_prefix}/bin'
build='x86_64-unknown-linux-gnu'
build_alias='x86_64-unknown-linux-gnu'
build_cpu='x86_64'
build_os='linux-gnu'
build_vendor='unknown'
datadir='${prefix}/share'
exec_prefix='${prefix}'
host='x86_64-unknown-linux-gnu'
host_alias='x86_64-unknown-linux-gnu'
host_cpu='x86_64'
host_os='linux-gnu'
host_vendor='unknown'
includedir='${prefix}/include'
infodir='${prefix}/info'
libdir='${exec_prefix}/lib'
libexecdir='${exec_prefix}/libexec'
libiberty_topdir='../../libiberty/..'
localstatedir='${prefix}/var'
mandir='${prefix}/man'
oldincludedir='/usr/include'
pexecute='pex-unix.o'
prefix='/usr/local'
program_transform_name='s,^,h8300-elf-,; '
sbindir='${exec_prefix}/sbin'
sharedstatedir='${prefix}/com'
sysconfdir='${prefix}/etc'
target_alias='h8300-elf'
target_header_dir=''

## ------------- ##
## Output files. ##
## ------------- ##

host_makefile_frag='xhost-mkfrag'

## ----------- ##
## confdefs.h. ##
## ----------- ##

#define BYTEORDER 1234
#define HAVE_ALLOCA_H 1
#define HAVE_ASPRINTF 1
#define HAVE_ATEXIT 1
#define HAVE_BASENAME 1
#define HAVE_BCMP 1
#define HAVE_BCOPY 1
#define HAVE_BSEARCH 1
#define HAVE_BZERO 1
#define HAVE_CALLOC 1
#define HAVE_CANONICALIZE_FILE_NAME 1
#define HAVE_CLOCK 1
#define HAVE_FCNTL_H 1
#define HAVE_FFS 1
#define HAVE_FORK 1
#define HAVE_GETCWD 1
#define HAVE_GETPAGESIZE 1
#define HAVE_GETRUSAGE 1
#define HAVE_GETTIMEOFDAY 1
#define HAVE_INDEX 1
#define HAVE_INSQUE 1
#define HAVE_INTTYPES_H 1
#define HAVE_LIMITS_H 1
#define HAVE_MALLOC_H 1
#define HAVE_MEMCHR 1
#define HAVE_MEMCMP 1
#define HAVE_MEMCPY 1
#define HAVE_MEMMOVE 1
#define HAVE_MEMORY_H 1
#define HAVE_MEMPCPY 1
#define HAVE_MEMSET 1
#define HAVE_MKSTEMPS 1
#define HAVE_ON_EXIT 1
#define HAVE_PSIGNAL 1
#define HAVE_PUTENV 1
#define HAVE_RANDOM 1
#define HAVE_REALPATH 1
#define HAVE_RENAME 1
#define HAVE_RINDEX 1
#define HAVE_SBRK 1
#define HAVE_SETENV 1
#define HAVE_SIGSETMASK 1
#define HAVE_SNPRINTF 1
#define HAVE_STDINT_H 1
#define HAVE_STDLIB_H 1
#define HAVE_STDLIB_H 1
#define HAVE_STPCPY 1
#define HAVE_STPNCPY 1
#define HAVE_STRCASECMP 1
#define HAVE_STRCHR 1
#define HAVE_STRDUP 1
#define HAVE_STRERROR 1
#define HAVE_STRINGS_H 1
#define HAVE_STRINGS_H 1
#define HAVE_STRING_H 1
#define HAVE_STRING_H 1
#define HAVE_STRNCASECMP 1
#define HAVE_STRRCHR 1
#define HAVE_STRSIGNAL 1
#define HAVE_STRSTR 1
#define HAVE_STRTOD 1
#define HAVE_STRTOL 1
#define HAVE_STRTOUL 1
#define HAVE_SYSCONF 1
#define HAVE_SYSCTL 1
#define HAVE_SYS_ERRLIST 1
#define HAVE_SYS_FILE_H 1
#define HAVE_SYS_MMAN_H 1
#define HAVE_SYS_NERR 1
#define HAVE_SYS_PARAM_H 1
#define HAVE_SYS_RESOURCE_H 1
#define HAVE_SYS_SIGLIST 1
#define HAVE_SYS_STAT_H 1
#define HAVE_SYS_STAT_H 1
#define HAVE_SYS_SYSCTL_H 1
#define HAVE_SYS_SYSINFO_H 1
#define HAVE_SYS_TIME_H 1
#define HAVE_SYS_TYPES_H 1
#define HAVE_SYS_WAIT_H 1
#define HAVE_TIMES 1
#define HAVE_TIME_H 1
#define HAVE_TMPNAM 1
#define HAVE_UINTPTR_T 1
#define HAVE_UNISTD_H 1
#define HAVE_UNISTD_H 1
#define HAVE_UNISTD_H 1
#define HAVE_VASPRINTF 1
#define HAVE_VFORK 1
#define HAVE_VFPRINTF 1
#define HAVE_VPRINTF 1
#define HAVE_VSNPRINTF 1
#define HAVE_VSPRINTF 1
#define HAVE_WAITPID 1
#define HAVE_WORKING_FORK 1
#define HAVE_WORKING_VFORK 1
#define NEED_DECLARATION_CANONICALIZE_FILE_NAME 1
#define PACKAGE_BUGREPORT ""
#define PACKAGE_NAME ""
#define PACKAGE_STRING ""
#define PACKAGE_TARNAME ""
#define PACKAGE_VERSION ""
#define STACK_DIRECTION -1
#define STDC_HEADERS 1
#define TIME_WITH_SYS_TIME 1

configure: exit 0
