This file contains any messages produced by compilers while
running configure, to aid debugging if configure makes a mistake.

configure:639: checking host system type
configure:660: checking target system type
configure:678: checking build system type
configure:717: checking for a BSD compatible install
configure:770: checking whether build environment is sane
configure:827: checking whether make sets ${MAKE}
configure:873: checking for working aclocal
configure:886: checking for working autoconf
configure:899: checking for working automake
configure:912: checking for working autoheader
configure:925: checking for working makeinfo
configure:940: checking whether to enable maintainer-specific portions of Makefiles
configure:999: checking for gcc
configure:1078: checking whether we are using GNU C
configure:1102: checking whether gcc accepts -g
configure:1318: checking for ld used by GCC
configure:1386: checking if the linker (ld) is GNU ld
configure:1403: checking for ld option to reload object files
configure:1415: checking for BSD-compatible nm
configure:1453: checking whether ln -s works
configure:1474: checking how to recognise dependant libraries
configure:1647: checking for object suffix
configure:1683: checking for file
configure:1816: checking for ranlib
configure:1883: checking for strip
configure:2032: gcc -c -g -O2  conftest.c 1>&5
ltconfig:678:checking for gcc option to produce PIC
ltconfig:687:checking that gcc PIC flag  -fPIC -DPIC works.
ltconfig:749: checking if gcc static flag -static works
ltconfig:780: finding the maximum length of command line arguments
ltconfig:@lineno@: result: 49153
ltconfig:887: checking if gcc supports -fno-rtti -fno-exceptions
ltconfig:888: gcc -c -g -O2 -fno-rtti -fno-exceptions -c conftest.c  conftest.c 1>&5
ltconfig:1431: checking if global_symbol_pipe works
ltconfig:1432: gcc -c -g -O2  conftest.c 1>&5
ltconfig:1435: eval "nm conftest.o | sed -n -e 's/^.*[ 	]\([ABCDGISTW][ABCDGISTW]*\)[ 	][ 	]*\(\)\([_A-Za-z][_A-Za-z0-9]*\)$/  /p' > conftest.nm"
ltconfig:1487: gcc -o conftest -g -O2 -fno-builtin   conftest.c conftstm.o 1>&5
configure:2222: checking how to run the C preprocessor
configure:2325: checking for unistd.h
configure:2364: checking for getpagesize
configure:2417: checking for working mmap
configure:2590: checking for memcpy
configure:2590: checking for strerror
configure:2696: checking for unistd.h
