This file contains any messages produced by compilers while
running configure, to aid debugging if configure makes a mistake.

It was created by gprof configure 2.27, which was
generated by GNU Autoconf 2.64.  Invocation command line was

  $ /home/aki/workshed/src/binutils-2.27/gprof/configure --srcdir=.././gprof --cache-file=./config.cache --with-gnu-as --with-gnu-ld --disable-nls --program-transform-name=s&^&h8300-elf-& --disable-option-checking --build=x86_64-pc-linux-gnu --host=x86_64-pc-linux-gnu --target=h8300-elf

## --------- ##
## Platform. ##
## --------- ##

hostname = aki-UX32VD
uname -m = x86_64
uname -r = 4.4.0-21-generic
uname -s = Linux
uname -v = #37-Ubuntu SMP Mon Apr 18 18:33:37 UTC 2016

/usr/bin/uname -p = unknown
/bin/uname -X     = unknown

/bin/arch              = unknown
/usr/bin/arch -k       = unknown
/usr/convex/getsysinfo = unknown
/usr/bin/hostinfo      = unknown
/bin/machine           = unknown
/usr/bin/oslevel       = unknown
/bin/universe          = unknown

PATH: /usr/local/sbin
PATH: /usr/local/bin
PATH: /usr/sbin
PATH: /usr/bin
PATH: /sbin
PATH: /bin
PATH: /usr/games
PATH: /usr/local/games
PATH: /snap/bin


## ----------- ##
## Core tests. ##
## ----------- ##

configure:2120: creating cache ./config.cache
configure:2225: checking build system type
configure:2239: result: x86_64-pc-linux-gnu
configure:2259: checking host system type
configure:2272: result: x86_64-pc-linux-gnu
configure:2292: checking target system type
configure:2305: result: h8300-unknown-elf
configure:2339: checking for x86_64-pc-linux-gnu-gcc
configure:2366: result: gcc
configure:2635: checking for C compiler version
configure:2644: gcc --version >&5
gcc (Ubuntu 5.4.0-6ubuntu1~16.04.9) 5.4.0 20160609
Copyright (C) 2015 Free Software Foundation, Inc.
This is free software; see the source for copying conditions.  There is NO
warranty; not even for MERCHANTABILITY or FITNESS FOR A PARTICULAR PURPOSE.

configure:2655: $? = 0
configure:2644: gcc -v >&5
Using built-in specs.
COLLECT_GCC=gcc
COLLECT_LTO_WRAPPER=/usr/lib/gcc/x86_64-linux-gnu/5/lto-wrapper
Target: x86_64-linux-gnu
Configured with: ../src/configure -v --with-pkgversion='Ubuntu 5.4.0-6ubuntu1~16.04.9' --with-bugurl=file:///usr/share/doc/gcc-5/README.Bugs --enable-languages=c,ada,c++,java,go,d,fortran,objc,obj-c++ --prefix=/usr --program-suffix=-5 --enable-shared --enable-linker-build-id --libexecdir=/usr/lib --without-included-gettext --enable-threads=posix --libdir=/usr/lib --enable-nls --with-sysroot=/ --enable-clocale=gnu --enable-libstdcxx-debug --enable-libstdcxx-time=yes --with-default-libstdcxx-abi=new --enable-gnu-unique-object --disable-vtable-verify --enable-libmpx --enable-plugin --with-system-zlib --disable-browser-plugin --enable-java-awt=gtk --enable-gtk-cairo --with-java-home=/usr/lib/jvm/java-1.5.0-gcj-5-amd64/jre --enable-java-home --with-jvm-root-dir=/usr/lib/jvm/java-1.5.0-gcj-5-amd64 --with-jvm-jar-dir=/usr/lib/jvm-exports/java-1.5.0-gcj-5-amd64 --with-arch-directory=amd64 --with-ecj-jar=/usr/share/java/eclipse-ecj.jar --enable-objc-gc --enable-multiarch --disable-werror --with-arch-32=i686 --with-abi=m64 --with-multilib-list=m32,m64,mx32 --enable-multilib --with-tune=generic --enable-checking=release --build=x86_64-linux-gnu --host=x86_64-linux-gnu --target=x86_64-linux-gnu
Thread model: posix
gcc version 5.4.0 20160609 (Ubuntu 5.4.0-6ubuntu1~16.04.9) 
configure:2655: $? = 0
configure:2644: gcc -V >&5
gcc: error: unrecognized command line option '-V'
gcc: fatal error: no input files
compilation terminated.
configure:2655: $? = 1
configure:2644: gcc -qversion >&5
gcc: error: unrecognized command line option '-qversion'
gcc: fatal error: no input files
compilation terminated.
configure:2655: $? = 1
configure:2675: checking for C compiler default output file name
configure:2697: gcc -g -O2  -static-libstdc++ -static-libgcc  conftest.c  >&5
configure:2701: $? = 0
configure:2738: result: a.out
configure:2754: checking whether the C compiler works
configure:2763: ./a.out
configure:2767: $? = 0
configure:2782: result: yes
configure:2789: checking whether we are cross compiling
configure:2791: result: no
configure:2794: checking for suffix of executables
configure:2801: gcc -o conftest -g -O2  -static-libstdc++ -static-libgcc  conftest.c  >&5
configure:2805: $? = 0
configure:2827: result: 
configure:2833: checking for suffix of object files
configure:2855: gcc -c -g -O2  conftest.c >&5
configure:2859: $? = 0
configure:2880: result: o
configure:2884: checking whether we are using the GNU C compiler
configure:2903: gcc -c -g -O2  conftest.c >&5
configure:2903: $? = 0
configure:2912: result: yes
configure:2921: checking whether gcc accepts -g
configure:2941: gcc -c -g  conftest.c >&5
configure:2941: $? = 0
configure:2982: result: yes
configure:2999: checking for gcc option to accept ISO C89
configure:3063: gcc  -c -g -O2  conftest.c >&5
configure:3063: $? = 0
configure:3076: result: none needed
configure:3097: checking for library containing strerror
configure:3128: gcc -o conftest -g -O2  -static-libstdc++ -static-libgcc  conftest.c  >&5
configure:3128: $? = 0
configure:3145: result: none required
configure:3170: checking for a BSD-compatible install
configure:3238: result: /usr/bin/install -c
configure:3249: checking whether build environment is sane
configure:3299: result: yes
configure:3440: checking for a thread-safe mkdir -p
configure:3479: result: /bin/mkdir -p
configure:3492: checking for gawk
configure:3519: result: mawk
configure:3530: checking whether make sets $(MAKE)
configure:3552: result: yes
configure:3582: checking for style of include used by make
configure:3610: result: GNU
configure:3696: checking dependency style of gcc
configure:3807: result: gcc3
configure:3835: checking for x86_64-pc-linux-gnu-gcc
configure:3862: result: gcc
configure:4131: checking for C compiler version
configure:4140: gcc --version >&5
gcc (Ubuntu 5.4.0-6ubuntu1~16.04.9) 5.4.0 20160609
Copyright (C) 2015 Free Software Foundation, Inc.
This is free software; see the source for copying conditions.  There is NO
warranty; not even for MERCHANTABILITY or FITNESS FOR A PARTICULAR PURPOSE.

configure:4151: $? = 0
configure:4140: gcc -v >&5
Using built-in specs.
COLLECT_GCC=gcc
COLLECT_LTO_WRAPPER=/usr/lib/gcc/x86_64-linux-gnu/5/lto-wrapper
Target: x86_64-linux-gnu
Configured with: ../src/configure -v --with-pkgversion='Ubuntu 5.4.0-6ubuntu1~16.04.9' --with-bugurl=file:///usr/share/doc/gcc-5/README.Bugs --enable-languages=c,ada,c++,java,go,d,fortran,objc,obj-c++ --prefix=/usr --program-suffix=-5 --enable-shared --enable-linker-build-id --libexecdir=/usr/lib --without-included-gettext --enable-threads=posix --libdir=/usr/lib --enable-nls --with-sysroot=/ --enable-clocale=gnu --enable-libstdcxx-debug --enable-libstdcxx-time=yes --with-default-libstdcxx-abi=new --enable-gnu-unique-object --disable-vtable-verify --enable-libmpx --enable-plugin --with-system-zlib --disable-browser-plugin --enable-java-awt=gtk --enable-gtk-cairo --with-java-home=/usr/lib/jvm/java-1.5.0-gcj-5-amd64/jre --enable-java-home --with-jvm-root-dir=/usr/lib/jvm/java-1.5.0-gcj-5-amd64 --with-jvm-jar-dir=/usr/lib/jvm-exports/java-1.5.0-gcj-5-amd64 --with-arch-directory=amd64 --with-ecj-jar=/usr/share/java/eclipse-ecj.jar --enable-objc-gc --enable-multiarch --disable-werror --with-arch-32=i686 --with-abi=m64 --with-multilib-list=m32,m64,mx32 --enable-multilib --with-tune=generic --enable-checking=release --build=x86_64-linux-gnu --host=x86_64-linux-gnu --target=x86_64-linux-gnu
Thread model: posix
gcc version 5.4.0 20160609 (Ubuntu 5.4.0-6ubuntu1~16.04.9) 
configure:4151: $? = 0
configure:4140: gcc -V >&5
gcc: error: unrecognized command line option '-V'
gcc: fatal error: no input files
compilation terminated.
configure:4151: $? = 1
configure:4140: gcc -qversion >&5
gcc: error: unrecognized command line option '-qversion'
gcc: fatal error: no input files
compilation terminated.
configure:4151: $? = 1
configure:4155: checking whether we are using the GNU C compiler
configure:4183: result: yes
configure:4192: checking whether gcc accepts -g
configure:4253: result: yes
configure:4270: checking for gcc option to accept ISO C89
configure:4347: result: none needed
configure:4372: checking how to run the C preprocessor
configure:4403: gcc -E  conftest.c
configure:4403: $? = 0
configure:4417: gcc -E  conftest.c
conftest.c:11:28: fatal error: ac_nonexistent.h: No such file or directory
compilation terminated.
configure:4417: $? = 1
configure: failed program was:
| /* confdefs.h */
| #define PACKAGE_NAME "gprof"
| #define PACKAGE_TARNAME "gprof"
| #define PACKAGE_VERSION "2.27"
| #define PACKAGE_STRING "gprof 2.27"
| #define PACKAGE_BUGREPORT ""
| #define PACKAGE_URL ""
| #define PACKAGE "gprof"
| #define VERSION "2.27"
| /* end confdefs.h.  */
| #include <ac_nonexistent.h>
configure:4442: result: gcc -E
configure:4462: gcc -E  conftest.c
configure:4462: $? = 0
configure:4476: gcc -E  conftest.c
conftest.c:11:28: fatal error: ac_nonexistent.h: No such file or directory
compilation terminated.
configure:4476: $? = 1
configure: failed program was:
| /* confdefs.h */
| #define PACKAGE_NAME "gprof"
| #define PACKAGE_TARNAME "gprof"
| #define PACKAGE_VERSION "2.27"
| #define PACKAGE_STRING "gprof 2.27"
| #define PACKAGE_BUGREPORT ""
| #define PACKAGE_URL ""
| #define PACKAGE "gprof"
| #define VERSION "2.27"
| /* end confdefs.h.  */
| #include <ac_nonexistent.h>
configure:4505: checking for grep that handles long lines and -e
configure:4563: result: /bin/grep
configure:4568: checking for egrep
configure:4630: result: /bin/grep -E
configure:4635: checking for ANSI C header files
configure:4655: gcc -c -g -O2  conftest.c >&5
configure:4655: $? = 0
configure:4728: gcc -o conftest -g -O2  -static-libstdc++ -static-libgcc  conftest.c  >&5
configure:4728: $? = 0
configure:4728: ./conftest
configure:4728: $? = 0
configure:4739: result: yes
configure:4752: checking for sys/types.h
configure:4752: gcc -c -g -O2  conftest.c >&5
configure:4752: $? = 0
configure:4752: result: yes
configure:4752: checking for sys/stat.h
configure:4752: gcc -c -g -O2  conftest.c >&5
configure:4752: $? = 0
configure:4752: result: yes
configure:4752: checking for stdlib.h
configure:4752: gcc -c -g -O2  conftest.c >&5
configure:4752: $? = 0
configure:4752: result: yes
configure:4752: checking for string.h
configure:4752: gcc -c -g -O2  conftest.c >&5
configure:4752: $? = 0
configure:4752: result: yes
configure:4752: checking for memory.h
configure:4752: gcc -c -g -O2  conftest.c >&5
configure:4752: $? = 0
configure:4752: result: yes
configure:4752: checking for strings.h
configure:4752: gcc -c -g -O2  conftest.c >&5
configure:4752: $? = 0
configure:4752: result: yes
configure:4752: checking for inttypes.h
configure:4752: gcc -c -g -O2  conftest.c >&5
configure:4752: $? = 0
configure:4752: result: yes
configure:4752: checking for stdint.h
configure:4752: gcc -c -g -O2  conftest.c >&5
configure:4752: $? = 0
configure:4752: result: yes
configure:4752: checking for unistd.h
configure:4752: gcc -c -g -O2  conftest.c >&5
configure:4752: $? = 0
configure:4752: result: yes
configure:4766: checking minix/config.h usability
configure:4766: gcc -c -g -O2  conftest.c >&5
conftest.c:54:26: fatal error: minix/config.h: No such file or directory
compilation terminated.
configure:4766: $? = 1
configure: failed program was:
| /* confdefs.h */
| #define PACKAGE_NAME "gprof"
| #define PACKAGE_TARNAME "gprof"
| #define PACKAGE_VERSION "2.27"
| #define PACKAGE_STRING "gprof 2.27"
| #define PACKAGE_BUGREPORT ""
| #define PACKAGE_URL ""
| #define PACKAGE "gprof"
| #define VERSION "2.27"
| #define STDC_HEADERS 1
| #define HAVE_SYS_TYPES_H 1
| #define HAVE_SYS_STAT_H 1
| #define HAVE_STDLIB_H 1
| #define HAVE_STRING_H 1
| #define HAVE_MEMORY_H 1
| #define HAVE_STRINGS_H 1
| #define HAVE_INTTYPES_H 1
| #define HAVE_STDINT_H 1
| #define HAVE_UNISTD_H 1
| /* end confdefs.h.  */
| #include <stdio.h>
| #ifdef HAVE_SYS_TYPES_H
| # include <sys/types.h>
| #endif
| #ifdef HAVE_SYS_STAT_H
| # include <sys/stat.h>
| #endif
| #ifdef STDC_HEADERS
| # include <stdlib.h>
| # include <stddef.h>
| #else
| # ifdef HAVE_STDLIB_H
| #  include <stdlib.h>
| # endif
| #endif
| #ifdef HAVE_STRING_H
| # if !defined STDC_HEADERS && defined HAVE_MEMORY_H
| #  include <memory.h>
| # endif
| # include <string.h>
| #endif
| #ifdef HAVE_STRINGS_H
| # include <strings.h>
| #endif
| #ifdef HAVE_INTTYPES_H
| # include <inttypes.h>
| #endif
| #ifdef HAVE_STDINT_H
| # include <stdint.h>
| #endif
| #ifdef HAVE_UNISTD_H
| # include <unistd.h>
| #endif
| #include <minix/config.h>
configure:4766: result: no
configure:4766: checking minix/config.h presence
configure:4766: gcc -E  conftest.c
conftest.c:21:26: fatal error: minix/config.h: No such file or directory
compilation terminated.
configure:4766: $? = 1
configure: failed program was:
| /* confdefs.h */
| #define PACKAGE_NAME "gprof"
| #define PACKAGE_TARNAME "gprof"
| #define PACKAGE_VERSION "2.27"
| #define PACKAGE_STRING "gprof 2.27"
| #define PACKAGE_BUGREPORT ""
| #define PACKAGE_URL ""
| #define PACKAGE "gprof"
| #define VERSION "2.27"
| #define STDC_HEADERS 1
| #define HAVE_SYS_TYPES_H 1
| #define HAVE_SYS_STAT_H 1
| #define HAVE_STDLIB_H 1
| #define HAVE_STRING_H 1
| #define HAVE_MEMORY_H 1
| #define HAVE_STRINGS_H 1
| #define HAVE_INTTYPES_H 1
| #define HAVE_STDINT_H 1
| #define HAVE_UNISTD_H 1
| /* end confdefs.h.  */
| #include <minix/config.h>
configure:4766: result: no
configure:4766: checking for minix/config.h
configure:4766: result: no
configure:4787: checking whether it is safe to define __EXTENSIONS__
configure:4805: gcc -c -g -O2  conftest.c >&5
configure:4805: $? = 0
configure:4812: result: yes
configure:4876: checking how to print strings
configure:4903: result: printf
configure:4924: checking for a sed that does not truncate output
configure:4988: result: /bin/sed
configure:5006: checking for fgrep
configure:5068: result: /bin/grep -F
configure:5103: checking for ld used by gcc
configure:5170: result: ld
configure:5177: checking if the linker (ld) is GNU ld
configure:5192: result: yes
configure:5204: checking for BSD- or MS-compatible name lister (nm)
configure:5253: result: nm
configure:5383: checking the name lister (nm) interface
configure:5390: gcc -c -g -O2  conftest.c >&5
configure:5393: nm "conftest.o"
configure:5396: output
0000000000000000 B some_variable
configure:5403: result: BSD nm
configure:5406: checking whether ln -s works
configure:5410: result: yes
configure:5418: checking the maximum length of command line arguments
configure:5543: result: 1572864
configure:5560: checking whether the shell understands some XSI constructs
configure:5570: result: yes
configure:5574: checking whether the shell understands "+="
configure:5580: result: yes
configure:5615: checking for ld option to reload object files
configure:5622: result: -r
configure:5651: checking for x86_64-pc-linux-gnu-objdump
configure:5678: result: objdump
configure:5750: checking how to recognize dependent libraries
configure:5951: result: pass_all
configure:5971: checking for x86_64-pc-linux-gnu-ar
configure:5998: result: ar
configure:6076: checking for x86_64-pc-linux-gnu-strip
configure:6106: result: no
configure:6116: checking for strip
configure:6132: found /usr/bin/strip
configure:6143: result: strip
configure:6175: checking for x86_64-pc-linux-gnu-ranlib
configure:6202: result: ranlib
configure:6344: checking command to parse nm output from gcc object
configure:6462: gcc -c -g -O2  conftest.c >&5
configure:6465: $? = 0
configure:6469: nm conftest.o \| sed -n -e 's/^.*[ ]\([ABCDGIRSTW][ABCDGIRSTW]*\)[ ][ ]*\([_A-Za-z][_A-Za-z0-9]*\)$/\1 \2 \2/p' \> conftest.nm
configure:6472: $? = 0
configure:6526: gcc -o conftest -g -O2  -static-libstdc++ -static-libgcc  conftest.c conftstm.o >&5
configure:6529: $? = 0
configure:6567: result: ok
configure:6662: gcc -c -g -O2  conftest.c >&5
configure:6665: $? = 0
configure:7415: checking for dlfcn.h
configure:7415: gcc -c -g -O2  conftest.c >&5
configure:7415: $? = 0
configure:7415: result: yes
configure:7602: checking for objdir
configure:7617: result: .libs
configure:7888: checking if gcc supports -fno-rtti -fno-exceptions
configure:7906: gcc -c -g -O2  -fno-rtti -fno-exceptions conftest.c >&5
cc1: warning: command line option '-fno-rtti' is valid for C++/ObjC++ but not for C
configure:7910: $? = 0
configure:7923: result: no
configure:7943: checking for gcc option to produce PIC
configure:8229: result: -fPIC -DPIC
configure:8241: checking if gcc PIC flag -fPIC -DPIC works
configure:8259: gcc -c -g -O2  -fPIC -DPIC -DPIC conftest.c >&5
configure:8263: $? = 0
configure:8276: result: yes
configure:8300: checking if gcc static flag -static works
configure:8328: result: yes
configure:8343: checking if gcc supports -c -o file.o
configure:8364: gcc -c -g -O2  -o out/conftest2.o conftest.c >&5
configure:8368: $? = 0
configure:8390: result: yes
configure:8398: checking if gcc supports -c -o file.o
configure:8445: result: yes
configure:8478: checking whether the gcc linker (ld -m elf_x86_64) supports shared libraries
configure:9549: result: yes
configure:9586: checking whether -lc should be explicitly linked in
configure:9594: gcc -c -g -O2  conftest.c >&5
configure:9597: $? = 0
configure:9612: gcc -shared  -fPIC -DPIC conftest.o  -v -Wl,-soname -Wl,conftest -o conftest 2\>\&1 \| /bin/grep  -lc  \>/dev/null 2\>\&1
configure:9615: $? = 0
configure:9629: result: no
configure:9794: checking dynamic linker characteristics
configure:10245: gcc -o conftest -g -O2  -static-libstdc++ -static-libgcc  -Wl,-rpath -Wl,/foo conftest.c  >&5
configure:10245: $? = 0
configure:10467: result: GNU/Linux ld.so
configure:10574: checking how to hardcode library paths into programs
configure:10599: result: immediate
configure:11139: checking whether stripping libraries is possible
configure:11144: result: yes
configure:11179: checking if libtool supports shared libraries
configure:11181: result: yes
configure:11184: checking whether to build shared libraries
configure:11205: result: yes
configure:11208: checking whether to build static libraries
configure:11212: result: yes
configure:11260: checking for dlfcn.h
configure:11260: result: yes
configure:11273: checking for windows.h
configure:11273: gcc -c -g -O2  conftest.c >&5
conftest.c:63:21: fatal error: windows.h: No such file or directory
compilation terminated.
configure:11273: $? = 1
configure: failed program was:
| /* confdefs.h */
| #define PACKAGE_NAME "gprof"
| #define PACKAGE_TARNAME "gprof"
| #define PACKAGE_VERSION "2.27"
| #define PACKAGE_STRING "gprof 2.27"
| #define PACKAGE_BUGREPORT ""
| #define PACKAGE_URL ""
| #define PACKAGE "gprof"
| #define VERSION "2.27"
| #define STDC_HEADERS 1
| #define HAVE_SYS_TYPES_H 1
| #define HAVE_SYS_STAT_H 1
| #define HAVE_STDLIB_H 1
| #define HAVE_STRING_H 1
| #define HAVE_MEMORY_H 1
| #define HAVE_STRINGS_H 1
| #define HAVE_INTTYPES_H 1
| #define HAVE_STDINT_H 1
| #define HAVE_UNISTD_H 1
| #define __EXTENSIONS__ 1
| #define _ALL_SOURCE 1
| #define _GNU_SOURCE 1
| #define _POSIX_PTHREAD_SEMANTICS 1
| #define _TANDEM_SOURCE 1
| #define HAVE_DLFCN_H 1
| #define LT_OBJDIR ".libs/"
| #define HAVE_DLFCN_H 1
| /* end confdefs.h.  */
| #include <stdio.h>
| #ifdef HAVE_SYS_TYPES_H
| # include <sys/types.h>
| #endif
| #ifdef HAVE_SYS_STAT_H
| # include <sys/stat.h>
| #endif
| #ifdef STDC_HEADERS
| # include <stdlib.h>
| # include <stddef.h>
| #else
| # ifdef HAVE_STDLIB_H
| #  include <stdlib.h>
| # endif
| #endif
| #ifdef HAVE_STRING_H
| # if !defined STDC_HEADERS && defined HAVE_MEMORY_H
| #  include <memory.h>
| # endif
| # include <string.h>
| #endif
| #ifdef HAVE_STRINGS_H
| # include <strings.h>
| #endif
| #ifdef HAVE_INTTYPES_H
| # include <inttypes.h>
| #endif
| #ifdef HAVE_STDINT_H
| # include <stdint.h>
| #endif
| #ifdef HAVE_UNISTD_H
| # include <unistd.h>
| #endif
| 
| #include <windows.h>
configure:11273: result: no
configure:11300: checking for library containing dlopen
configure:11331: gcc -o conftest -g -O2  -static-libstdc++ -static-libgcc  conftest.c  >&5
/tmp/ccJlTBpG.o: In function `main':
/home/aki/workshed/src/binutils-2.27/gprof/conftest.c:40: undefined reference to `dlopen'
collect2: error: ld returned 1 exit status
configure:11331: $? = 1
configure: failed program was:
| /* confdefs.h */
| #define PACKAGE_NAME "gprof"
| #define PACKAGE_TARNAME "gprof"
| #define PACKAGE_VERSION "2.27"
| #define PACKAGE_STRING "gprof 2.27"
| #define PACKAGE_BUGREPORT ""
| #define PACKAGE_URL ""
| #define PACKAGE "gprof"
| #define VERSION "2.27"
| #define STDC_HEADERS 1
| #define HAVE_SYS_TYPES_H 1
| #define HAVE_SYS_STAT_H 1
| #define HAVE_STDLIB_H 1
| #define HAVE_STRING_H 1
| #define HAVE_MEMORY_H 1
| #define HAVE_STRINGS_H 1
| #define HAVE_INTTYPES_H 1
| #define HAVE_STDINT_H 1
| #define HAVE_UNISTD_H 1
| #define __EXTENSIONS__ 1
| #define _ALL_SOURCE 1
| #define _GNU_SOURCE 1
| #define _POSIX_PTHREAD_SEMANTICS 1
| #define _TANDEM_SOURCE 1
| #define HAVE_DLFCN_H 1
| #define LT_OBJDIR ".libs/"
| #define HAVE_DLFCN_H 1
| /* end confdefs.h.  */
| 
| /* Override any GCC internal prototype to avoid an error.
|    Use char because int might match the return type of a GCC
|    builtin and then its argument prototype would still apply.  */
| #ifdef __cplusplus
| extern "C"
| #endif
| char dlopen ();
| int
| main ()
| {
| return dlopen ();
|   ;
|   return 0;
| }
configure:11331: gcc -o conftest -g -O2  -static-libstdc++ -static-libgcc  conftest.c -ldl   >&5
configure:11331: $? = 0
configure:11348: result: -ldl
configure:11379: checking for special C compiler options needed for large files
configure:11424: result: no
configure:11430: checking for _FILE_OFFSET_BITS value needed for large files
configure:11455: gcc -c -g -O2  conftest.c >&5
configure:11455: $? = 0
configure:11487: result: no
configure:11574: checking for setmode
configure:11574: gcc -o conftest -g -O2  -static-libstdc++ -static-libgcc  conftest.c -ldl  >&5
/tmp/ccGpXDNQ.o: In function `main':
/home/aki/workshed/src/binutils-2.27/gprof/conftest.c:63: undefined reference to `setmode'
collect2: error: ld returned 1 exit status
configure:11574: $? = 1
configure: failed program was:
| /* confdefs.h */
| #define PACKAGE_NAME "gprof"
| #define PACKAGE_TARNAME "gprof"
| #define PACKAGE_VERSION "2.27"
| #define PACKAGE_STRING "gprof 2.27"
| #define PACKAGE_BUGREPORT ""
| #define PACKAGE_URL ""
| #define PACKAGE "gprof"
| #define VERSION "2.27"
| #define STDC_HEADERS 1
| #define HAVE_SYS_TYPES_H 1
| #define HAVE_SYS_STAT_H 1
| #define HAVE_STDLIB_H 1
| #define HAVE_STRING_H 1
| #define HAVE_MEMORY_H 1
| #define HAVE_STRINGS_H 1
| #define HAVE_INTTYPES_H 1
| #define HAVE_STDINT_H 1
| #define HAVE_UNISTD_H 1
| #define __EXTENSIONS__ 1
| #define _ALL_SOURCE 1
| #define _GNU_SOURCE 1
| #define _POSIX_PTHREAD_SEMANTICS 1
| #define _TANDEM_SOURCE 1
| #define HAVE_DLFCN_H 1
| #define LT_OBJDIR ".libs/"
| #define HAVE_DLFCN_H 1
| /* end confdefs.h.  */
| /* Define setmode to an innocuous variant, in case <limits.h> declares setmode.
|    For example, HP-UX 11i <limits.h> declares gettimeofday.  */
| #define setmode innocuous_setmode
| 
| /* System header to define __stub macros and hopefully few prototypes,
|     which can conflict with char setmode (); below.
|     Prefer <limits.h> to <assert.h> if __STDC__ is defined, since
|     <limits.h> exists even on freestanding compilers.  */
| 
| #ifdef __STDC__
| # include <limits.h>
| #else
| # include <assert.h>
| #endif
| 
| #undef setmode
| 
| /* Override any GCC internal prototype to avoid an error.
|    Use char because int might match the return type of a GCC
|    builtin and then its argument prototype would still apply.  */
| #ifdef __cplusplus
| extern "C"
| #endif
| char setmode ();
| /* The GNU C library defines this for functions which it implements
|     to always fail with ENOSYS.  Some functions are actually named
|     something starting with __ and the normal name is an alias.  */
| #if defined __stub_setmode || defined __stub___setmode
| choke me
| #endif
| 
| int
| main ()
| {
| return setmode ();
|   ;
|   return 0;
| }
configure:11574: result: no
configure:11598: checking whether NLS is requested
configure:11601: result: no
configure:11669: checking whether NLS is requested
configure:11678: result: no
configure:11716: checking for msgfmt
configure:11747: result: /usr/bin/msgfmt
configure:11756: checking for gmsgfmt
configure:11787: result: /usr/bin/msgfmt
configure:11827: checking for xgettext
configure:11858: result: /usr/bin/xgettext
configure:11898: checking for msgmerge
configure:11928: result: /usr/bin/msgmerge
configure:11965: checking whether to enable maintainer-specific portions of Makefiles
configure:11974: result: no
configure:11999: checking sys/gmon_out.h usability
configure:11999: gcc -c -g -O2  conftest.c >&5
configure:11999: $? = 0
configure:11999: result: yes
configure:11999: checking sys/gmon_out.h presence
configure:11999: gcc -E  conftest.c
configure:11999: $? = 0
configure:11999: result: yes
configure:11999: checking for sys/gmon_out.h
configure:11999: result: yes
configure:12010: checking for a known getopt prototype in unistd.h
configure:12026: gcc -c -g -O2  conftest.c >&5
configure:12026: $? = 0
configure:12034: result: yes
configure:12043: checking for library containing fabs
configure:12074: gcc -o conftest -g -O2  -static-libstdc++ -static-libgcc  conftest.c -ldl  >&5
conftest.c:38:6: warning: conflicting types for built-in function 'fabs'
 char fabs ();
      ^
/tmp/cc1tEj45.o: In function `main':
/home/aki/workshed/src/binutils-2.27/gprof/conftest.c:42: undefined reference to `fabs'
collect2: error: ld returned 1 exit status
configure:12074: $? = 1
configure: failed program was:
| /* confdefs.h */
| #define PACKAGE_NAME "gprof"
| #define PACKAGE_TARNAME "gprof"
| #define PACKAGE_VERSION "2.27"
| #define PACKAGE_STRING "gprof 2.27"
| #define PACKAGE_BUGREPORT ""
| #define PACKAGE_URL ""
| #define PACKAGE "gprof"
| #define VERSION "2.27"
| #define STDC_HEADERS 1
| #define HAVE_SYS_TYPES_H 1
| #define HAVE_SYS_STAT_H 1
| #define HAVE_STDLIB_H 1
| #define HAVE_STRING_H 1
| #define HAVE_MEMORY_H 1
| #define HAVE_STRINGS_H 1
| #define HAVE_INTTYPES_H 1
| #define HAVE_STDINT_H 1
| #define HAVE_UNISTD_H 1
| #define __EXTENSIONS__ 1
| #define _ALL_SOURCE 1
| #define _GNU_SOURCE 1
| #define _POSIX_PTHREAD_SEMANTICS 1
| #define _TANDEM_SOURCE 1
| #define HAVE_DLFCN_H 1
| #define LT_OBJDIR ".libs/"
| #define HAVE_DLFCN_H 1
| #define HAVE_SYS_GMON_OUT_H 1
| #define HAVE_DECL_GETOPT 1
| /* end confdefs.h.  */
| 
| /* Override any GCC internal prototype to avoid an error.
|    Use char because int might match the return type of a GCC
|    builtin and then its argument prototype would still apply.  */
| #ifdef __cplusplus
| extern "C"
| #endif
| char fabs ();
| int
| main ()
| {
| return fabs ();
|   ;
|   return 0;
| }
configure:12074: gcc -o conftest -g -O2  -static-libstdc++ -static-libgcc  conftest.c -lm  -ldl  >&5
conftest.c:38:6: warning: conflicting types for built-in function 'fabs'
 char fabs ();
      ^
configure:12074: $? = 0
configure:12091: result: -lm
configure:12282: updating cache ./config.cache
configure:12343: creating ./config.status

## ---------------------- ##
## Running config.status. ##
## ---------------------- ##

This file was extended by gprof config.status 2.27, which was
generated by GNU Autoconf 2.64.  Invocation command line was

  CONFIG_FILES    = 
  CONFIG_HEADERS  = 
  CONFIG_LINKS    = 
  CONFIG_COMMANDS = 
  $ ./config.status 

on aki-UX32VD

config.status:1106: creating Makefile
config.status:1106: creating po/Makefile.in
config.status:1106: creating gconfig.h
config.status:1326: executing depfiles commands
config.status:1326: executing libtool commands
config.status:1326: executing default-1 commands

## ---------------- ##
## Cache variables. ##
## ---------------- ##

ac_cv_build=x86_64-pc-linux-gnu
ac_cv_c_compiler_gnu=yes
ac_cv_env_CC_set=set
ac_cv_env_CC_value=gcc
ac_cv_env_CFLAGS_set=set
ac_cv_env_CFLAGS_value='-g -O2'
ac_cv_env_CPPFLAGS_set=
ac_cv_env_CPPFLAGS_value=
ac_cv_env_CPP_set=
ac_cv_env_CPP_value=
ac_cv_env_LDFLAGS_set=set
ac_cv_env_LDFLAGS_value='-static-libstdc++ -static-libgcc '
ac_cv_env_LIBS_set=
ac_cv_env_LIBS_value=
ac_cv_env_build_alias_set=set
ac_cv_env_build_alias_value=x86_64-pc-linux-gnu
ac_cv_env_host_alias_set=set
ac_cv_env_host_alias_value=x86_64-pc-linux-gnu
ac_cv_env_target_alias_set=set
ac_cv_env_target_alias_value=h8300-elf
ac_cv_func_setmode=no
ac_cv_header_dlfcn_h=yes
ac_cv_header_inttypes_h=yes
ac_cv_header_memory_h=yes
ac_cv_header_minix_config_h=no
ac_cv_header_stdc=yes
ac_cv_header_stdint_h=yes
ac_cv_header_stdlib_h=yes
ac_cv_header_string_h=yes
ac_cv_header_strings_h=yes
ac_cv_header_sys_gmon_out_h=yes
ac_cv_header_sys_stat_h=yes
ac_cv_header_sys_types_h=yes
ac_cv_header_unistd_h=yes
ac_cv_header_windows_h=no
ac_cv_host=x86_64-pc-linux-gnu
ac_cv_objext=o
ac_cv_path_EGREP='/bin/grep -E'
ac_cv_path_FGREP='/bin/grep -F'
ac_cv_path_GMSGFMT=/usr/bin/msgfmt
ac_cv_path_GREP=/bin/grep
ac_cv_path_MSGFMT=/usr/bin/msgfmt
ac_cv_path_MSGMERGE=/usr/bin/msgmerge
ac_cv_path_SED=/bin/sed
ac_cv_path_XGETTEXT=/usr/bin/xgettext
ac_cv_path_mkdir=/bin/mkdir
ac_cv_prog_AR=ar
ac_cv_prog_AWK=mawk
ac_cv_prog_CC=gcc
ac_cv_prog_CPP='gcc -E'
ac_cv_prog_OBJDUMP=objdump
ac_cv_prog_RANLIB=ranlib
ac_cv_prog_ac_ct_STRIP=strip
ac_cv_prog_cc_c89=
ac_cv_prog_cc_g=yes
ac_cv_prog_make_make_set=yes
ac_cv_safe_to_define___extensions__=yes
ac_cv_search_dlopen=-ldl
ac_cv_search_fabs=-lm
ac_cv_search_strerror='none required'
ac_cv_sys_file_offset_bits=no
ac_cv_sys_largefile_CC=no
ac_cv_target=h8300-unknown-elf
am_cv_CC_dependencies_compiler_type=gcc3
gprof_cv_decl_getopt_unistd_h=yes
lt_cv_archive_cmds_need_lc=no
lt_cv_deplibs_check_method=pass_all
lt_cv_file_magic_cmd='$MAGIC_CMD'
lt_cv_file_magic_test_file=
lt_cv_ld_reload_flag=-r
lt_cv_nm_interface='BSD nm'
lt_cv_objdir=.libs
lt_cv_path_LD=ld
lt_cv_path_NM=nm
lt_cv_prog_compiler_c_o=yes
lt_cv_prog_compiler_pic_works=yes
lt_cv_prog_compiler_rtti_exceptions=no
lt_cv_prog_compiler_static_works=yes
lt_cv_prog_gnu_ld=yes
lt_cv_shlibpath_overrides_runpath=no
lt_cv_sys_global_symbol_pipe='sed -n -e '\''s/^.*[	 ]\([ABCDGIRSTW][ABCDGIRSTW]*\)[	 ][	 ]*\([_A-Za-z][_A-Za-z0-9]*\)$/\1 \2 \2/p'\'''
lt_cv_sys_global_symbol_to_c_name_address='sed -n -e '\''s/^: \([^ ]*\) $/  {\"\1\", (void *) 0},/p'\'' -e '\''s/^[ABCDGIRSTW]* \([^ ]*\) \([^ ]*\)$/  {"\2", (void *) \&\2},/p'\'''
lt_cv_sys_global_symbol_to_c_name_address_lib_prefix='sed -n -e '\''s/^: \([^ ]*\) $/  {\"\1\", (void *) 0},/p'\'' -e '\''s/^[ABCDGIRSTW]* \([^ ]*\) \(lib[^ ]*\)$/  {"\2", (void *) \&\2},/p'\'' -e '\''s/^[ABCDGIRSTW]* \([^ ]*\) \([^ ]*\)$/  {"lib\2", (void *) \&\2},/p'\'''
lt_cv_sys_global_symbol_to_cdecl='sed -n -e '\''s/^T .* \(.*\)$/extern int \1();/p'\'' -e '\''s/^[ABCDGIRSTW]* .* \(.*\)$/extern char \1;/p'\'''
lt_cv_sys_max_cmd_len=1572864

## ----------------- ##
## Output variables. ##
## ----------------- ##

ACLOCAL='${SHELL} /home/aki/workshed/src/binutils-2.27/missing --run aclocal-1.11'
AMDEPBACKSLASH='\'
AMDEP_FALSE='#'
AMDEP_TRUE=''
AMTAR='$${TAR-tar}'
AR='ar'
AUTOCONF='${SHELL} /home/aki/workshed/src/binutils-2.27/missing --run autoconf'
AUTOHEADER='${SHELL} /home/aki/workshed/src/binutils-2.27/missing --run autoheader'
AUTOMAKE='${SHELL} /home/aki/workshed/src/binutils-2.27/missing --run automake-1.11'
AWK='mawk'
CATALOGS=''
CATOBJEXT=''
CC='gcc'
CCDEPMODE='depmode=gcc3'
CFLAGS='-g -O2'
CPP='gcc -E'
CPPFLAGS=''
CYGPATH_W='echo'
DATADIRNAME=''
DEFS='-DHAVE_CONFIG_H'
DEPDIR='.deps'
DSYMUTIL=''
DUMPBIN=''
ECHO_C=''
ECHO_N='-n'
ECHO_T=''
EGREP='/bin/grep -E'
EXEEXT=''
FGREP='/bin/grep -F'
GENCAT=''
GENINSRC_NEVER_FALSE=''
GENINSRC_NEVER_TRUE='#'
GMSGFMT='/usr/bin/msgfmt'
GREP='/bin/grep'
INCINTL=''
INSTALL_DATA='/usr/bin/install -c -m 644'
INSTALL_PROGRAM='/usr/bin/install -c'
INSTALL_SCRIPT='/usr/bin/install -c'
INSTALL_STRIP_PROGRAM='$(install_sh) -c -s'
INSTOBJEXT=''
LD='ld -m elf_x86_64'
LDFLAGS='-static-libstdc++ -static-libgcc '
LIBINTL=''
LIBINTL_DEP=''
LIBOBJS=''
LIBS='-lm -ldl '
LIBTOOL='$(SHELL) $(top_builddir)/libtool'
LIPO=''
LN_S='ln -s'
LTLIBOBJS=''
MAINT='#'
MAINTAINER_MODE_FALSE=''
MAINTAINER_MODE_TRUE='#'
MAKEINFO='/home/aki/workshed/src/binutils-2.27/missing makeinfo --split-size=5000000'
MKDIR_P='/bin/mkdir -p'
MKINSTALLDIRS='$(top_builddir)/./../mkinstalldirs'
MSGFMT='/usr/bin/msgfmt'
MSGMERGE='/usr/bin/msgmerge'
NM='nm'
NMEDIT=''
NO_WERROR=''
OBJDUMP='objdump'
OBJEXT='o'
OTOOL64=''
OTOOL=''
PACKAGE='gprof'
PACKAGE_BUGREPORT=''
PACKAGE_NAME='gprof'
PACKAGE_STRING='gprof 2.27'
PACKAGE_TARNAME='gprof'
PACKAGE_URL=''
PACKAGE_VERSION='2.27'
PATH_SEPARATOR=':'
POSUB=''
RANLIB='ranlib'
SED='/bin/sed'
SET_MAKE=''
SHELL='/bin/bash'
STRIP='strip'
USE_NLS='no'
VERSION='2.27'
WARN_CFLAGS='-W -Wall -Wstrict-prototypes -Wmissing-prototypes -Wshadow -Wstack-usage=262144'
WARN_WRITE_STRINGS='-Wwrite-strings'
XGETTEXT='/usr/bin/xgettext'
ac_ct_CC=''
ac_ct_DUMPBIN=''
am__EXEEXT_FALSE=''
am__EXEEXT_TRUE='#'
am__fastdepCC_FALSE='#'
am__fastdepCC_TRUE=''
am__include='include'
am__isrc=''
am__leading_dot='.'
am__nodep='_no'
am__quote=''
am__tar='$${TAR-tar} chof - "$$tardir"'
am__untar='$${TAR-tar} xf -'
bindir='${exec_prefix}/bin'
build='x86_64-pc-linux-gnu'
build_alias='x86_64-pc-linux-gnu'
build_cpu='x86_64'
build_os='linux-gnu'
build_vendor='pc'
datadir='${datarootdir}'
datarootdir='${prefix}/share'
docdir='${datarootdir}/doc/${PACKAGE_TARNAME}'
dvidir='${docdir}'
exec_prefix='${prefix}'
host='x86_64-pc-linux-gnu'
host_alias='x86_64-pc-linux-gnu'
host_cpu='x86_64'
host_os='linux-gnu'
host_vendor='pc'
htmldir='${docdir}'
includedir='${prefix}/include'
infodir='${datarootdir}/info'
install_sh='${SHELL} /home/aki/workshed/src/binutils-2.27/install-sh'
libdir='${exec_prefix}/lib'
libexecdir='${exec_prefix}/libexec'
localedir='${datarootdir}/locale'
localstatedir='${prefix}/var'
mandir='${datarootdir}/man'
mkdir_p='/bin/mkdir -p'
oldincludedir='/usr/include'
pdfdir='${docdir}'
prefix='/usr/local'
program_transform_name='s&^&h8300-elf-&'
psdir='${docdir}'
sbindir='${exec_prefix}/sbin'
sharedstatedir='${prefix}/com'
sysconfdir='${prefix}/etc'
target='h8300-unknown-elf'
target_alias='h8300-elf'
target_cpu='h8300'
target_os='elf'
target_vendor='unknown'

## ----------- ##
## confdefs.h. ##
## ----------- ##

/* confdefs.h */
#define PACKAGE_NAME "gprof"
#define PACKAGE_TARNAME "gprof"
#define PACKAGE_VERSION "2.27"
#define PACKAGE_STRING "gprof 2.27"
#define PACKAGE_BUGREPORT ""
#define PACKAGE_URL ""
#define PACKAGE "gprof"
#define VERSION "2.27"
#define STDC_HEADERS 1
#define HAVE_SYS_TYPES_H 1
#define HAVE_SYS_STAT_H 1
#define HAVE_STDLIB_H 1
#define HAVE_STRING_H 1
#define HAVE_MEMORY_H 1
#define HAVE_STRINGS_H 1
#define HAVE_INTTYPES_H 1
#define HAVE_STDINT_H 1
#define HAVE_UNISTD_H 1
#define __EXTENSIONS__ 1
#define _ALL_SOURCE 1
#define _GNU_SOURCE 1
#define _POSIX_PTHREAD_SEMANTICS 1
#define _TANDEM_SOURCE 1
#define HAVE_DLFCN_H 1
#define LT_OBJDIR ".libs/"
#define HAVE_DLFCN_H 1
#define HAVE_SYS_GMON_OUT_H 1
#define HAVE_DECL_GETOPT 1

configure: exit 0
